[2024-07-13T00:27:50.532+0000] {processor.py:161} INFO - Started process (PID=33) to work on /opt/airflow/dags/test_dbt_dag.py
[2024-07-13T00:27:50.535+0000] {processor.py:830} INFO - Processing file /opt/airflow/dags/test_dbt_dag.py for tasks to queue
[2024-07-13T00:27:50.541+0000] {logging_mixin.py:188} INFO - [2024-07-13T00:27:50.540+0000] {dagbag.py:545} INFO - Filling up the DagBag from /opt/airflow/dags/test_dbt_dag.py
[2024-07-13T00:27:50.555+0000] {logging_mixin.py:188} INFO - [2024-07-13T00:27:50.551+0000] {dagbag.py:355} ERROR - Failed to import: /opt/airflow/dags/test_dbt_dag.py
Traceback (most recent call last):
  File "/home/airflow/.local/lib/python3.11/site-packages/airflow/models/dagbag.py", line 351, in parse
    loader.exec_module(new_module)
  File "<frozen importlib._bootstrap_external>", line 940, in exec_module
  File "<frozen importlib._bootstrap>", line 241, in _call_with_frames_removed
  File "/opt/airflow/dags/test_dbt_dag.py", line 23, in <module>
    from airflow.providers.dbt.cloud.operators.dbt import (
ModuleNotFoundError: No module named 'airflow.providers.dbt'
[2024-07-13T00:27:50.556+0000] {processor.py:842} WARNING - No viable dags retrieved from /opt/airflow/dags/test_dbt_dag.py
[2024-07-13T00:27:50.656+0000] {processor.py:183} INFO - Processing /opt/airflow/dags/test_dbt_dag.py took 0.153 seconds
[2024-07-13T00:28:23.927+0000] {processor.py:161} INFO - Started process (PID=95) to work on /opt/airflow/dags/test_dbt_dag.py
[2024-07-13T00:28:23.932+0000] {processor.py:830} INFO - Processing file /opt/airflow/dags/test_dbt_dag.py for tasks to queue
[2024-07-13T00:28:23.933+0000] {logging_mixin.py:188} INFO - [2024-07-13T00:28:23.932+0000] {dagbag.py:545} INFO - Filling up the DagBag from /opt/airflow/dags/test_dbt_dag.py
[2024-07-13T00:28:23.938+0000] {logging_mixin.py:188} INFO - [2024-07-13T00:28:23.937+0000] {dagbag.py:355} ERROR - Failed to import: /opt/airflow/dags/test_dbt_dag.py
Traceback (most recent call last):
  File "/home/airflow/.local/lib/python3.11/site-packages/airflow/models/dagbag.py", line 351, in parse
    loader.exec_module(new_module)
  File "<frozen importlib._bootstrap_external>", line 940, in exec_module
  File "<frozen importlib._bootstrap>", line 241, in _call_with_frames_removed
  File "/opt/airflow/dags/test_dbt_dag.py", line 23, in <module>
    from airflow.providers.dbt.cloud.operators.dbt import (
ModuleNotFoundError: No module named 'airflow.providers.dbt'
[2024-07-13T00:28:23.939+0000] {processor.py:842} WARNING - No viable dags retrieved from /opt/airflow/dags/test_dbt_dag.py
[2024-07-13T00:28:23.972+0000] {processor.py:183} INFO - Processing /opt/airflow/dags/test_dbt_dag.py took 0.058 seconds
[2024-07-13T00:28:54.267+0000] {processor.py:161} INFO - Started process (PID=157) to work on /opt/airflow/dags/test_dbt_dag.py
[2024-07-13T00:28:54.269+0000] {processor.py:830} INFO - Processing file /opt/airflow/dags/test_dbt_dag.py for tasks to queue
[2024-07-13T00:28:54.271+0000] {logging_mixin.py:188} INFO - [2024-07-13T00:28:54.270+0000] {dagbag.py:545} INFO - Filling up the DagBag from /opt/airflow/dags/test_dbt_dag.py
[2024-07-13T00:28:54.278+0000] {logging_mixin.py:188} INFO - [2024-07-13T00:28:54.276+0000] {dagbag.py:355} ERROR - Failed to import: /opt/airflow/dags/test_dbt_dag.py
Traceback (most recent call last):
  File "/home/airflow/.local/lib/python3.11/site-packages/airflow/models/dagbag.py", line 351, in parse
    loader.exec_module(new_module)
  File "<frozen importlib._bootstrap_external>", line 940, in exec_module
  File "<frozen importlib._bootstrap>", line 241, in _call_with_frames_removed
  File "/opt/airflow/dags/test_dbt_dag.py", line 23, in <module>
    from airflow.providers.dbt.cloud.operators.dbt import (
ModuleNotFoundError: No module named 'airflow.providers.dbt'
[2024-07-13T00:28:54.280+0000] {processor.py:842} WARNING - No viable dags retrieved from /opt/airflow/dags/test_dbt_dag.py
[2024-07-13T00:28:54.318+0000] {processor.py:183} INFO - Processing /opt/airflow/dags/test_dbt_dag.py took 0.066 seconds
[2024-07-13T00:29:24.630+0000] {processor.py:161} INFO - Started process (PID=219) to work on /opt/airflow/dags/test_dbt_dag.py
[2024-07-13T00:29:24.632+0000] {processor.py:830} INFO - Processing file /opt/airflow/dags/test_dbt_dag.py for tasks to queue
[2024-07-13T00:29:24.634+0000] {logging_mixin.py:188} INFO - [2024-07-13T00:29:24.633+0000] {dagbag.py:545} INFO - Filling up the DagBag from /opt/airflow/dags/test_dbt_dag.py
[2024-07-13T00:29:24.640+0000] {logging_mixin.py:188} INFO - [2024-07-13T00:29:24.638+0000] {dagbag.py:355} ERROR - Failed to import: /opt/airflow/dags/test_dbt_dag.py
Traceback (most recent call last):
  File "/home/airflow/.local/lib/python3.11/site-packages/airflow/models/dagbag.py", line 351, in parse
    loader.exec_module(new_module)
  File "<frozen importlib._bootstrap_external>", line 940, in exec_module
  File "<frozen importlib._bootstrap>", line 241, in _call_with_frames_removed
  File "/opt/airflow/dags/test_dbt_dag.py", line 23, in <module>
    from airflow.providers.dbt.cloud.operators.dbt import (
ModuleNotFoundError: No module named 'airflow.providers.dbt'
[2024-07-13T00:29:24.641+0000] {processor.py:842} WARNING - No viable dags retrieved from /opt/airflow/dags/test_dbt_dag.py
[2024-07-13T00:29:24.674+0000] {processor.py:183} INFO - Processing /opt/airflow/dags/test_dbt_dag.py took 0.056 seconds
[2024-07-13T00:29:55.232+0000] {processor.py:161} INFO - Started process (PID=281) to work on /opt/airflow/dags/test_dbt_dag.py
[2024-07-13T00:29:55.236+0000] {processor.py:830} INFO - Processing file /opt/airflow/dags/test_dbt_dag.py for tasks to queue
[2024-07-13T00:29:55.238+0000] {logging_mixin.py:188} INFO - [2024-07-13T00:29:55.237+0000] {dagbag.py:545} INFO - Filling up the DagBag from /opt/airflow/dags/test_dbt_dag.py
[2024-07-13T00:29:55.247+0000] {logging_mixin.py:188} INFO - [2024-07-13T00:29:55.244+0000] {dagbag.py:355} ERROR - Failed to import: /opt/airflow/dags/test_dbt_dag.py
Traceback (most recent call last):
  File "/home/airflow/.local/lib/python3.11/site-packages/airflow/models/dagbag.py", line 351, in parse
    loader.exec_module(new_module)
  File "<frozen importlib._bootstrap_external>", line 940, in exec_module
  File "<frozen importlib._bootstrap>", line 241, in _call_with_frames_removed
  File "/opt/airflow/dags/test_dbt_dag.py", line 23, in <module>
    from airflow.providers.dbt.cloud.operators.dbt import (
ModuleNotFoundError: No module named 'airflow.providers.dbt'
[2024-07-13T00:29:55.248+0000] {processor.py:842} WARNING - No viable dags retrieved from /opt/airflow/dags/test_dbt_dag.py
[2024-07-13T00:29:55.288+0000] {processor.py:183} INFO - Processing /opt/airflow/dags/test_dbt_dag.py took 0.076 seconds
[2024-07-13T00:30:12.665+0000] {processor.py:161} INFO - Started process (PID=315) to work on /opt/airflow/dags/test_dbt_dag.py
[2024-07-13T00:30:12.666+0000] {processor.py:830} INFO - Processing file /opt/airflow/dags/test_dbt_dag.py for tasks to queue
[2024-07-13T00:30:12.668+0000] {logging_mixin.py:188} INFO - [2024-07-13T00:30:12.667+0000] {dagbag.py:545} INFO - Filling up the DagBag from /opt/airflow/dags/test_dbt_dag.py
[2024-07-13T00:30:12.683+0000] {processor.py:840} INFO - DAG(s) 'test_dbt_dag' retrieved from /opt/airflow/dags/test_dbt_dag.py
[2024-07-13T00:30:12.864+0000] {logging_mixin.py:188} INFO - [2024-07-13T00:30:12.863+0000] {dag.py:3096} INFO - Sync 1 DAGs
[2024-07-13T00:30:12.879+0000] {logging_mixin.py:188} INFO - [2024-07-13T00:30:12.878+0000] {dag.py:3954} INFO - Setting next_dagrun for test_dbt_dag to None, run_after=None
[2024-07-13T00:30:12.912+0000] {processor.py:183} INFO - Processing /opt/airflow/dags/test_dbt_dag.py took 0.259 seconds
[2024-07-13T00:30:43.349+0000] {processor.py:161} INFO - Started process (PID=355) to work on /opt/airflow/dags/test_dbt_dag.py
[2024-07-13T00:30:43.351+0000] {processor.py:830} INFO - Processing file /opt/airflow/dags/test_dbt_dag.py for tasks to queue
[2024-07-13T00:30:43.353+0000] {logging_mixin.py:188} INFO - [2024-07-13T00:30:43.352+0000] {dagbag.py:545} INFO - Filling up the DagBag from /opt/airflow/dags/test_dbt_dag.py
[2024-07-13T00:30:43.369+0000] {processor.py:840} INFO - DAG(s) 'test_dbt_dag' retrieved from /opt/airflow/dags/test_dbt_dag.py
[2024-07-13T00:30:43.404+0000] {logging_mixin.py:188} INFO - [2024-07-13T00:30:43.403+0000] {dag.py:3096} INFO - Sync 1 DAGs
[2024-07-13T00:30:43.425+0000] {logging_mixin.py:188} INFO - [2024-07-13T00:30:43.425+0000] {dag.py:3954} INFO - Setting next_dagrun for test_dbt_dag to None, run_after=None
[2024-07-13T00:30:43.453+0000] {processor.py:183} INFO - Processing /opt/airflow/dags/test_dbt_dag.py took 0.119 seconds
[2024-07-13T00:31:13.610+0000] {processor.py:161} INFO - Started process (PID=414) to work on /opt/airflow/dags/test_dbt_dag.py
[2024-07-13T00:31:13.612+0000] {processor.py:830} INFO - Processing file /opt/airflow/dags/test_dbt_dag.py for tasks to queue
[2024-07-13T00:31:13.614+0000] {logging_mixin.py:188} INFO - [2024-07-13T00:31:13.614+0000] {dagbag.py:545} INFO - Filling up the DagBag from /opt/airflow/dags/test_dbt_dag.py
[2024-07-13T00:31:13.631+0000] {processor.py:840} INFO - DAG(s) 'test_dbt_dag' retrieved from /opt/airflow/dags/test_dbt_dag.py
[2024-07-13T00:31:13.675+0000] {logging_mixin.py:188} INFO - [2024-07-13T00:31:13.674+0000] {dag.py:3096} INFO - Sync 1 DAGs
[2024-07-13T00:31:13.705+0000] {logging_mixin.py:188} INFO - [2024-07-13T00:31:13.704+0000] {dag.py:3954} INFO - Setting next_dagrun for test_dbt_dag to None, run_after=None
[2024-07-13T00:31:13.750+0000] {processor.py:183} INFO - Processing /opt/airflow/dags/test_dbt_dag.py took 0.154 seconds
[2024-07-13T00:31:46.397+0000] {processor.py:161} INFO - Started process (PID=476) to work on /opt/airflow/dags/test_dbt_dag.py
[2024-07-13T00:31:46.400+0000] {processor.py:830} INFO - Processing file /opt/airflow/dags/test_dbt_dag.py for tasks to queue
[2024-07-13T00:31:46.401+0000] {logging_mixin.py:188} INFO - [2024-07-13T00:31:46.401+0000] {dagbag.py:545} INFO - Filling up the DagBag from /opt/airflow/dags/test_dbt_dag.py
[2024-07-13T00:31:46.414+0000] {processor.py:840} INFO - DAG(s) 'test_dbt_dag' retrieved from /opt/airflow/dags/test_dbt_dag.py
[2024-07-13T00:31:46.449+0000] {logging_mixin.py:188} INFO - [2024-07-13T00:31:46.448+0000] {dag.py:3096} INFO - Sync 1 DAGs
[2024-07-13T00:31:46.469+0000] {logging_mixin.py:188} INFO - [2024-07-13T00:31:46.469+0000] {dag.py:3954} INFO - Setting next_dagrun for test_dbt_dag to None, run_after=None
[2024-07-13T00:31:46.499+0000] {processor.py:183} INFO - Processing /opt/airflow/dags/test_dbt_dag.py took 0.114 seconds
[2024-07-13T00:32:17.053+0000] {processor.py:161} INFO - Started process (PID=538) to work on /opt/airflow/dags/test_dbt_dag.py
[2024-07-13T00:32:17.056+0000] {processor.py:830} INFO - Processing file /opt/airflow/dags/test_dbt_dag.py for tasks to queue
[2024-07-13T00:32:17.057+0000] {logging_mixin.py:188} INFO - [2024-07-13T00:32:17.057+0000] {dagbag.py:545} INFO - Filling up the DagBag from /opt/airflow/dags/test_dbt_dag.py
[2024-07-13T00:32:17.071+0000] {processor.py:840} INFO - DAG(s) 'test_dbt_dag' retrieved from /opt/airflow/dags/test_dbt_dag.py
[2024-07-13T00:32:17.117+0000] {logging_mixin.py:188} INFO - [2024-07-13T00:32:17.117+0000] {dag.py:3096} INFO - Sync 1 DAGs
[2024-07-13T00:32:17.143+0000] {logging_mixin.py:188} INFO - [2024-07-13T00:32:17.142+0000] {dag.py:3954} INFO - Setting next_dagrun for test_dbt_dag to None, run_after=None
[2024-07-13T00:32:17.177+0000] {processor.py:183} INFO - Processing /opt/airflow/dags/test_dbt_dag.py took 0.136 seconds
[2024-07-13T00:32:48.838+0000] {processor.py:161} INFO - Started process (PID=600) to work on /opt/airflow/dags/test_dbt_dag.py
[2024-07-13T00:32:48.840+0000] {processor.py:830} INFO - Processing file /opt/airflow/dags/test_dbt_dag.py for tasks to queue
[2024-07-13T00:32:48.842+0000] {logging_mixin.py:188} INFO - [2024-07-13T00:32:48.841+0000] {dagbag.py:545} INFO - Filling up the DagBag from /opt/airflow/dags/test_dbt_dag.py
[2024-07-13T00:32:48.856+0000] {processor.py:840} INFO - DAG(s) 'test_dbt_dag' retrieved from /opt/airflow/dags/test_dbt_dag.py
[2024-07-13T00:32:48.894+0000] {logging_mixin.py:188} INFO - [2024-07-13T00:32:48.894+0000] {dag.py:3096} INFO - Sync 1 DAGs
[2024-07-13T00:32:48.920+0000] {logging_mixin.py:188} INFO - [2024-07-13T00:32:48.919+0000] {dag.py:3954} INFO - Setting next_dagrun for test_dbt_dag to None, run_after=None
[2024-07-13T00:32:48.949+0000] {processor.py:183} INFO - Processing /opt/airflow/dags/test_dbt_dag.py took 0.123 seconds
[2024-07-13T00:33:19.067+0000] {processor.py:161} INFO - Started process (PID=662) to work on /opt/airflow/dags/test_dbt_dag.py
[2024-07-13T00:33:19.068+0000] {processor.py:830} INFO - Processing file /opt/airflow/dags/test_dbt_dag.py for tasks to queue
[2024-07-13T00:33:19.070+0000] {logging_mixin.py:188} INFO - [2024-07-13T00:33:19.069+0000] {dagbag.py:545} INFO - Filling up the DagBag from /opt/airflow/dags/test_dbt_dag.py
[2024-07-13T00:33:19.084+0000] {processor.py:840} INFO - DAG(s) 'test_dbt_dag' retrieved from /opt/airflow/dags/test_dbt_dag.py
[2024-07-13T00:33:19.121+0000] {logging_mixin.py:188} INFO - [2024-07-13T00:33:19.120+0000] {dag.py:3096} INFO - Sync 1 DAGs
[2024-07-13T00:33:19.142+0000] {logging_mixin.py:188} INFO - [2024-07-13T00:33:19.142+0000] {dag.py:3954} INFO - Setting next_dagrun for test_dbt_dag to None, run_after=None
[2024-07-13T00:33:19.171+0000] {processor.py:183} INFO - Processing /opt/airflow/dags/test_dbt_dag.py took 0.118 seconds
[2024-07-13T00:33:49.346+0000] {processor.py:161} INFO - Started process (PID=724) to work on /opt/airflow/dags/test_dbt_dag.py
[2024-07-13T00:33:49.349+0000] {processor.py:830} INFO - Processing file /opt/airflow/dags/test_dbt_dag.py for tasks to queue
[2024-07-13T00:33:49.350+0000] {logging_mixin.py:188} INFO - [2024-07-13T00:33:49.350+0000] {dagbag.py:545} INFO - Filling up the DagBag from /opt/airflow/dags/test_dbt_dag.py
[2024-07-13T00:33:49.364+0000] {processor.py:840} INFO - DAG(s) 'test_dbt_dag' retrieved from /opt/airflow/dags/test_dbt_dag.py
[2024-07-13T00:33:49.400+0000] {logging_mixin.py:188} INFO - [2024-07-13T00:33:49.400+0000] {dag.py:3096} INFO - Sync 1 DAGs
[2024-07-13T00:33:49.421+0000] {logging_mixin.py:188} INFO - [2024-07-13T00:33:49.421+0000] {dag.py:3954} INFO - Setting next_dagrun for test_dbt_dag to None, run_after=None
[2024-07-13T00:33:49.448+0000] {processor.py:183} INFO - Processing /opt/airflow/dags/test_dbt_dag.py took 0.114 seconds
[2024-07-13T00:35:38.092+0000] {processor.py:161} INFO - Started process (PID=34) to work on /opt/airflow/dags/test_dbt_dag.py
[2024-07-13T00:35:38.094+0000] {processor.py:830} INFO - Processing file /opt/airflow/dags/test_dbt_dag.py for tasks to queue
[2024-07-13T00:35:38.099+0000] {logging_mixin.py:188} INFO - [2024-07-13T00:35:38.098+0000] {dagbag.py:545} INFO - Filling up the DagBag from /opt/airflow/dags/test_dbt_dag.py
[2024-07-13T00:35:38.166+0000] {processor.py:840} INFO - DAG(s) 'test_dbt_dag' retrieved from /opt/airflow/dags/test_dbt_dag.py
[2024-07-13T00:35:38.798+0000] {logging_mixin.py:188} INFO - [2024-07-13T00:35:38.797+0000] {dag.py:3096} INFO - Sync 1 DAGs
[2024-07-13T00:35:38.819+0000] {logging_mixin.py:188} INFO - [2024-07-13T00:35:38.819+0000] {dag.py:3954} INFO - Setting next_dagrun for test_dbt_dag to None, run_after=None
[2024-07-13T00:35:38.870+0000] {processor.py:183} INFO - Processing /opt/airflow/dags/test_dbt_dag.py took 0.817 seconds
[2024-07-13T00:36:12.465+0000] {processor.py:161} INFO - Started process (PID=96) to work on /opt/airflow/dags/test_dbt_dag.py
[2024-07-13T00:36:12.472+0000] {processor.py:830} INFO - Processing file /opt/airflow/dags/test_dbt_dag.py for tasks to queue
[2024-07-13T00:36:12.475+0000] {logging_mixin.py:188} INFO - [2024-07-13T00:36:12.475+0000] {dagbag.py:545} INFO - Filling up the DagBag from /opt/airflow/dags/test_dbt_dag.py
[2024-07-13T00:36:12.488+0000] {processor.py:840} INFO - DAG(s) 'test_dbt_dag' retrieved from /opt/airflow/dags/test_dbt_dag.py
[2024-07-13T00:36:12.522+0000] {logging_mixin.py:188} INFO - [2024-07-13T00:36:12.521+0000] {dag.py:3096} INFO - Sync 1 DAGs
[2024-07-13T00:36:12.545+0000] {logging_mixin.py:188} INFO - [2024-07-13T00:36:12.544+0000] {dag.py:3954} INFO - Setting next_dagrun for test_dbt_dag to None, run_after=None
[2024-07-13T00:36:12.573+0000] {processor.py:183} INFO - Processing /opt/airflow/dags/test_dbt_dag.py took 0.120 seconds
[2024-07-13T00:38:09.911+0000] {processor.py:161} INFO - Started process (PID=32) to work on /opt/airflow/dags/test_dbt_dag.py
[2024-07-13T00:38:09.914+0000] {processor.py:830} INFO - Processing file /opt/airflow/dags/test_dbt_dag.py for tasks to queue
[2024-07-13T00:38:09.918+0000] {logging_mixin.py:188} INFO - [2024-07-13T00:38:09.918+0000] {dagbag.py:545} INFO - Filling up the DagBag from /opt/airflow/dags/test_dbt_dag.py
[2024-07-13T00:38:09.957+0000] {processor.py:840} INFO - DAG(s) 'test_dbt_dag' retrieved from /opt/airflow/dags/test_dbt_dag.py
[2024-07-13T00:38:10.448+0000] {logging_mixin.py:188} INFO - [2024-07-13T00:38:10.448+0000] {dag.py:3096} INFO - Sync 1 DAGs
[2024-07-13T00:38:10.468+0000] {logging_mixin.py:188} INFO - [2024-07-13T00:38:10.468+0000] {dag.py:3954} INFO - Setting next_dagrun for test_dbt_dag to None, run_after=None
[2024-07-13T00:38:10.500+0000] {processor.py:183} INFO - Processing /opt/airflow/dags/test_dbt_dag.py took 0.605 seconds
[2024-07-13T00:38:43.009+0000] {processor.py:161} INFO - Started process (PID=94) to work on /opt/airflow/dags/test_dbt_dag.py
[2024-07-13T00:38:43.015+0000] {processor.py:830} INFO - Processing file /opt/airflow/dags/test_dbt_dag.py for tasks to queue
[2024-07-13T00:38:43.019+0000] {logging_mixin.py:188} INFO - [2024-07-13T00:38:43.018+0000] {dagbag.py:545} INFO - Filling up the DagBag from /opt/airflow/dags/test_dbt_dag.py
[2024-07-13T00:38:43.034+0000] {processor.py:840} INFO - DAG(s) 'test_dbt_dag' retrieved from /opt/airflow/dags/test_dbt_dag.py
[2024-07-13T00:38:43.079+0000] {logging_mixin.py:188} INFO - [2024-07-13T00:38:43.079+0000] {dag.py:3096} INFO - Sync 1 DAGs
[2024-07-13T00:38:43.108+0000] {logging_mixin.py:188} INFO - [2024-07-13T00:38:43.107+0000] {dag.py:3954} INFO - Setting next_dagrun for test_dbt_dag to None, run_after=None
[2024-07-13T00:38:43.143+0000] {processor.py:183} INFO - Processing /opt/airflow/dags/test_dbt_dag.py took 0.149 seconds
[2024-07-13T00:39:13.187+0000] {processor.py:161} INFO - Started process (PID=156) to work on /opt/airflow/dags/test_dbt_dag.py
[2024-07-13T00:39:13.188+0000] {processor.py:830} INFO - Processing file /opt/airflow/dags/test_dbt_dag.py for tasks to queue
[2024-07-13T00:39:13.192+0000] {logging_mixin.py:188} INFO - [2024-07-13T00:39:13.191+0000] {dagbag.py:545} INFO - Filling up the DagBag from /opt/airflow/dags/test_dbt_dag.py
[2024-07-13T00:39:13.206+0000] {processor.py:840} INFO - DAG(s) 'test_dbt_dag' retrieved from /opt/airflow/dags/test_dbt_dag.py
[2024-07-13T00:39:13.239+0000] {logging_mixin.py:188} INFO - [2024-07-13T00:39:13.238+0000] {dag.py:3096} INFO - Sync 1 DAGs
[2024-07-13T00:39:13.258+0000] {logging_mixin.py:188} INFO - [2024-07-13T00:39:13.258+0000] {dag.py:3954} INFO - Setting next_dagrun for test_dbt_dag to None, run_after=None
[2024-07-13T00:39:13.284+0000] {processor.py:183} INFO - Processing /opt/airflow/dags/test_dbt_dag.py took 0.109 seconds
[2024-07-13T00:39:43.568+0000] {processor.py:161} INFO - Started process (PID=218) to work on /opt/airflow/dags/test_dbt_dag.py
[2024-07-13T00:39:43.571+0000] {processor.py:830} INFO - Processing file /opt/airflow/dags/test_dbt_dag.py for tasks to queue
[2024-07-13T00:39:43.574+0000] {logging_mixin.py:188} INFO - [2024-07-13T00:39:43.574+0000] {dagbag.py:545} INFO - Filling up the DagBag from /opt/airflow/dags/test_dbt_dag.py
[2024-07-13T00:39:43.588+0000] {processor.py:840} INFO - DAG(s) 'test_dbt_dag' retrieved from /opt/airflow/dags/test_dbt_dag.py
[2024-07-13T00:39:43.630+0000] {logging_mixin.py:188} INFO - [2024-07-13T00:39:43.629+0000] {dag.py:3096} INFO - Sync 1 DAGs
[2024-07-13T00:39:43.656+0000] {logging_mixin.py:188} INFO - [2024-07-13T00:39:43.655+0000] {dag.py:3954} INFO - Setting next_dagrun for test_dbt_dag to None, run_after=None
[2024-07-13T00:39:43.689+0000] {processor.py:183} INFO - Processing /opt/airflow/dags/test_dbt_dag.py took 0.134 seconds
[2024-07-13T00:40:14.189+0000] {processor.py:161} INFO - Started process (PID=280) to work on /opt/airflow/dags/test_dbt_dag.py
[2024-07-13T00:40:14.192+0000] {processor.py:830} INFO - Processing file /opt/airflow/dags/test_dbt_dag.py for tasks to queue
[2024-07-13T00:40:14.196+0000] {logging_mixin.py:188} INFO - [2024-07-13T00:40:14.195+0000] {dagbag.py:545} INFO - Filling up the DagBag from /opt/airflow/dags/test_dbt_dag.py
[2024-07-13T00:40:14.210+0000] {processor.py:840} INFO - DAG(s) 'test_dbt_dag' retrieved from /opt/airflow/dags/test_dbt_dag.py
[2024-07-13T00:40:14.256+0000] {logging_mixin.py:188} INFO - [2024-07-13T00:40:14.256+0000] {dag.py:3096} INFO - Sync 1 DAGs
[2024-07-13T00:40:14.280+0000] {logging_mixin.py:188} INFO - [2024-07-13T00:40:14.280+0000] {dag.py:3954} INFO - Setting next_dagrun for test_dbt_dag to None, run_after=None
[2024-07-13T00:40:14.315+0000] {processor.py:183} INFO - Processing /opt/airflow/dags/test_dbt_dag.py took 0.139 seconds
[2024-07-13T00:40:44.454+0000] {processor.py:161} INFO - Started process (PID=341) to work on /opt/airflow/dags/test_dbt_dag.py
[2024-07-13T00:40:44.456+0000] {processor.py:830} INFO - Processing file /opt/airflow/dags/test_dbt_dag.py for tasks to queue
[2024-07-13T00:40:44.460+0000] {logging_mixin.py:188} INFO - [2024-07-13T00:40:44.459+0000] {dagbag.py:545} INFO - Filling up the DagBag from /opt/airflow/dags/test_dbt_dag.py
[2024-07-13T00:40:44.474+0000] {processor.py:840} INFO - DAG(s) 'test_dbt_dag' retrieved from /opt/airflow/dags/test_dbt_dag.py
[2024-07-13T00:40:44.514+0000] {logging_mixin.py:188} INFO - [2024-07-13T00:40:44.514+0000] {dag.py:3096} INFO - Sync 1 DAGs
[2024-07-13T00:40:44.535+0000] {logging_mixin.py:188} INFO - [2024-07-13T00:40:44.535+0000] {dag.py:3954} INFO - Setting next_dagrun for test_dbt_dag to None, run_after=None
[2024-07-13T00:40:44.566+0000] {processor.py:183} INFO - Processing /opt/airflow/dags/test_dbt_dag.py took 0.126 seconds
[2024-07-13T00:41:17.302+0000] {processor.py:161} INFO - Started process (PID=402) to work on /opt/airflow/dags/test_dbt_dag.py
[2024-07-13T00:41:17.309+0000] {processor.py:830} INFO - Processing file /opt/airflow/dags/test_dbt_dag.py for tasks to queue
[2024-07-13T00:41:17.321+0000] {logging_mixin.py:188} INFO - [2024-07-13T00:41:17.319+0000] {dagbag.py:545} INFO - Filling up the DagBag from /opt/airflow/dags/test_dbt_dag.py
[2024-07-13T00:41:17.361+0000] {processor.py:840} INFO - DAG(s) 'test_dbt_dag' retrieved from /opt/airflow/dags/test_dbt_dag.py
[2024-07-13T00:41:17.475+0000] {logging_mixin.py:188} INFO - [2024-07-13T00:41:17.474+0000] {dag.py:3096} INFO - Sync 1 DAGs
[2024-07-13T00:41:17.531+0000] {logging_mixin.py:188} INFO - [2024-07-13T00:41:17.529+0000] {dag.py:3954} INFO - Setting next_dagrun for test_dbt_dag to None, run_after=None
[2024-07-13T00:41:17.606+0000] {processor.py:183} INFO - Processing /opt/airflow/dags/test_dbt_dag.py took 0.328 seconds
[2024-07-13T00:41:47.994+0000] {processor.py:161} INFO - Started process (PID=459) to work on /opt/airflow/dags/test_dbt_dag.py
[2024-07-13T00:41:47.996+0000] {processor.py:830} INFO - Processing file /opt/airflow/dags/test_dbt_dag.py for tasks to queue
[2024-07-13T00:41:48.000+0000] {logging_mixin.py:188} INFO - [2024-07-13T00:41:47.999+0000] {dagbag.py:545} INFO - Filling up the DagBag from /opt/airflow/dags/test_dbt_dag.py
[2024-07-13T00:41:48.014+0000] {processor.py:840} INFO - DAG(s) 'test_dbt_dag' retrieved from /opt/airflow/dags/test_dbt_dag.py
[2024-07-13T00:41:48.057+0000] {logging_mixin.py:188} INFO - [2024-07-13T00:41:48.056+0000] {dag.py:3096} INFO - Sync 1 DAGs
[2024-07-13T00:41:48.078+0000] {logging_mixin.py:188} INFO - [2024-07-13T00:41:48.078+0000] {dag.py:3954} INFO - Setting next_dagrun for test_dbt_dag to None, run_after=None
[2024-07-13T00:41:48.107+0000] {processor.py:183} INFO - Processing /opt/airflow/dags/test_dbt_dag.py took 0.126 seconds
[2024-07-13T00:42:18.216+0000] {processor.py:161} INFO - Started process (PID=507) to work on /opt/airflow/dags/test_dbt_dag.py
[2024-07-13T00:42:18.220+0000] {processor.py:830} INFO - Processing file /opt/airflow/dags/test_dbt_dag.py for tasks to queue
[2024-07-13T00:42:18.224+0000] {logging_mixin.py:188} INFO - [2024-07-13T00:42:18.224+0000] {dagbag.py:545} INFO - Filling up the DagBag from /opt/airflow/dags/test_dbt_dag.py
[2024-07-13T00:42:18.248+0000] {processor.py:840} INFO - DAG(s) 'test_dbt_dag' retrieved from /opt/airflow/dags/test_dbt_dag.py
[2024-07-13T00:42:18.297+0000] {logging_mixin.py:188} INFO - [2024-07-13T00:42:18.296+0000] {dag.py:3096} INFO - Sync 1 DAGs
[2024-07-13T00:42:18.327+0000] {logging_mixin.py:188} INFO - [2024-07-13T00:42:18.327+0000] {dag.py:3954} INFO - Setting next_dagrun for test_dbt_dag to None, run_after=None
[2024-07-13T00:42:19.432+0000] {logging_mixin.py:188} INFO - [2024-07-13T00:42:19.426+0000] {base.py:264} ERROR - Exception closing connection <connection object at 0x7f268184f4c0; dsn: 'user=airflow password=xxx dbname=airflow host=postgres', closed: 1>
Traceback (most recent call last):
  File "/home/airflow/.local/lib/python3.11/site-packages/sqlalchemy/engine/base.py", line 2138, in _handle_dbapi_exception
    util.raise_(exc_info[1], with_traceback=exc_info[2])
  File "/home/airflow/.local/lib/python3.11/site-packages/sqlalchemy/util/compat.py", line 211, in raise_
    raise exception
  File "/home/airflow/.local/lib/python3.11/site-packages/sqlalchemy/engine/base.py", line 1910, in _execute_context
    self.dialect.do_execute(
  File "/home/airflow/.local/lib/python3.11/site-packages/sqlalchemy/engine/default.py", line 736, in do_execute
    cursor.execute(statement, parameters)
  File "/usr/local/lib/python3.11/encodings/utf_8.py", line 15, in decode
    def decode(input, errors='strict'):
    
  File "/home/airflow/.local/lib/python3.11/site-packages/airflow/dag_processing/manager.py", line 453, in _exit_gracefully
    self.log.debug("Current Stacktrace is: %s", "\n".join(map(str, inspect.stack())))
                                                                   ^^^^^^^^^^^^^^^
  File "/usr/local/lib/python3.11/inspect.py", line 1751, in stack
    return getouterframes(sys._getframe(1), context)
           ^^^^^^^^^^^^^^^^^^^^^^^^^^^^^^^^^^^^^^^^^
  File "/usr/local/lib/python3.11/inspect.py", line 1726, in getouterframes
    traceback_info = getframeinfo(frame, context)
                     ^^^^^^^^^^^^^^^^^^^^^^^^^^^^
  File "/usr/local/lib/python3.11/inspect.py", line 1688, in getframeinfo
    lines, lnum = findsource(frame)
                  ^^^^^^^^^^^^^^^^^
  File "/usr/local/lib/python3.11/inspect.py", line 1073, in findsource
    lines = linecache.getlines(file, module.__dict__)
            ^^^^^^^^^^^^^^^^^^^^^^^^^^^^^^^^^^^^^^^^^
  File "/usr/local/lib/python3.11/linecache.py", line 46, in getlines
    return updatecache(filename, module_globals)
           ^^^^^^^^^^^^^^^^^^^^^^^^^^^^^^^^^^^^^
  File "/usr/local/lib/python3.11/linecache.py", line 137, in updatecache
    lines = fp.readlines()
            ^^^^^^^^^^^^^^
  File "<frozen codecs>", line 319, in decode
  File "/home/airflow/.local/lib/python3.11/site-packages/airflow/dag_processing/manager.py", line 457, in _exit_gracefully
    sys.exit(os.EX_OK)
SystemExit: 0

During handling of the above exception, another exception occurred:

Traceback (most recent call last):
  File "/home/airflow/.local/lib/python3.11/site-packages/sqlalchemy/pool/base.py", line 260, in _close_connection
    self._dialect.do_terminate(connection)
  File "/home/airflow/.local/lib/python3.11/site-packages/sqlalchemy/engine/default.py", line 689, in do_terminate
    self.do_close(dbapi_connection)
  File "/home/airflow/.local/lib/python3.11/site-packages/sqlalchemy/engine/default.py", line 692, in do_close
    dbapi_connection.close()
  File "/home/airflow/.local/lib/python3.11/site-packages/airflow/dag_processing/manager.py", line 457, in _exit_gracefully
    sys.exit(os.EX_OK)
SystemExit: 0
[2024-07-13T00:42:19.434+0000] {processor.py:186} ERROR - Got an exception! Propagating...
Traceback (most recent call last):
  File "/home/airflow/.local/lib/python3.11/site-packages/sqlalchemy/engine/base.py", line 2138, in _handle_dbapi_exception
    util.raise_(exc_info[1], with_traceback=exc_info[2])
  File "/home/airflow/.local/lib/python3.11/site-packages/sqlalchemy/util/compat.py", line 211, in raise_
    raise exception
  File "/home/airflow/.local/lib/python3.11/site-packages/sqlalchemy/engine/base.py", line 1910, in _execute_context
    self.dialect.do_execute(
  File "/home/airflow/.local/lib/python3.11/site-packages/sqlalchemy/engine/default.py", line 736, in do_execute
    cursor.execute(statement, parameters)
  File "/usr/local/lib/python3.11/encodings/utf_8.py", line 15, in decode
    def decode(input, errors='strict'):
    
  File "/home/airflow/.local/lib/python3.11/site-packages/airflow/dag_processing/manager.py", line 453, in _exit_gracefully
    self.log.debug("Current Stacktrace is: %s", "\n".join(map(str, inspect.stack())))
                                                                   ^^^^^^^^^^^^^^^
  File "/usr/local/lib/python3.11/inspect.py", line 1751, in stack
    return getouterframes(sys._getframe(1), context)
           ^^^^^^^^^^^^^^^^^^^^^^^^^^^^^^^^^^^^^^^^^
  File "/usr/local/lib/python3.11/inspect.py", line 1726, in getouterframes
    traceback_info = getframeinfo(frame, context)
                     ^^^^^^^^^^^^^^^^^^^^^^^^^^^^
  File "/usr/local/lib/python3.11/inspect.py", line 1688, in getframeinfo
    lines, lnum = findsource(frame)
                  ^^^^^^^^^^^^^^^^^
  File "/usr/local/lib/python3.11/inspect.py", line 1073, in findsource
    lines = linecache.getlines(file, module.__dict__)
            ^^^^^^^^^^^^^^^^^^^^^^^^^^^^^^^^^^^^^^^^^
  File "/usr/local/lib/python3.11/linecache.py", line 46, in getlines
    return updatecache(filename, module_globals)
           ^^^^^^^^^^^^^^^^^^^^^^^^^^^^^^^^^^^^^
  File "/usr/local/lib/python3.11/linecache.py", line 137, in updatecache
    lines = fp.readlines()
            ^^^^^^^^^^^^^^
  File "<frozen codecs>", line 319, in decode
  File "/home/airflow/.local/lib/python3.11/site-packages/airflow/dag_processing/manager.py", line 457, in _exit_gracefully
    sys.exit(os.EX_OK)
SystemExit: 0

During handling of the above exception, another exception occurred:

Traceback (most recent call last):
  File "/home/airflow/.local/lib/python3.11/site-packages/airflow/utils/session.py", line 38, in create_session
    yield session
  File "/home/airflow/.local/lib/python3.11/site-packages/airflow/utils/session.py", line 79, in wrapper
    return func(*args, session=session, **kwargs)
           ^^^^^^^^^^^^^^^^^^^^^^^^^^^^^^^^^^^^^^
  File "/home/airflow/.local/lib/python3.11/site-packages/airflow/dag_processing/processor.py", line 895, in save_dag_to_db
    import_errors = DagBag._sync_to_db(dags=dags, processor_subdir=dag_directory, session=session)
                    ^^^^^^^^^^^^^^^^^^^^^^^^^^^^^^^^^^^^^^^^^^^^^^^^^^^^^^^^^^^^^^^^^^^^^^^^^^^^^^
  File "/home/airflow/.local/lib/python3.11/site-packages/airflow/utils/session.py", line 76, in wrapper
    return func(*args, **kwargs)
           ^^^^^^^^^^^^^^^^^^^^^
  File "/home/airflow/.local/lib/python3.11/site-packages/airflow/models/dagbag.py", line 664, in _sync_to_db
    for attempt in run_with_db_retries(logger=log):
  File "/home/airflow/.local/lib/python3.11/site-packages/tenacity/__init__.py", line 435, in __iter__
    do = self.iter(retry_state=retry_state)
         ^^^^^^^^^^^^^^^^^^^^^^^^^^^^^^^^^^
  File "/home/airflow/.local/lib/python3.11/site-packages/tenacity/__init__.py", line 368, in iter
    result = action(retry_state)
             ^^^^^^^^^^^^^^^^^^^
  File "/home/airflow/.local/lib/python3.11/site-packages/tenacity/__init__.py", line 390, in <lambda>
    self._add_action_func(lambda rs: rs.outcome.result())
                                     ^^^^^^^^^^^^^^^^^^^
  File "/usr/local/lib/python3.11/concurrent/futures/_base.py", line 449, in result
    return self.__get_result()
           ^^^^^^^^^^^^^^^^^^^
  File "/usr/local/lib/python3.11/concurrent/futures/_base.py", line 401, in __get_result
    raise self._exception
  File "/home/airflow/.local/lib/python3.11/site-packages/airflow/models/dagbag.py", line 680, in _sync_to_db
    DAG.bulk_write_to_db(dags.values(), processor_subdir=processor_subdir, session=session)
  File "/home/airflow/.local/lib/python3.11/site-packages/airflow/utils/session.py", line 76, in wrapper
    return func(*args, **kwargs)
           ^^^^^^^^^^^^^^^^^^^^^
  File "/home/airflow/.local/lib/python3.11/site-packages/airflow/models/dag.py", line 3199, in bulk_write_to_db
    DagCode.bulk_sync_to_db(filelocs, session=session)
  File "/home/airflow/.local/lib/python3.11/site-packages/airflow/utils/session.py", line 76, in wrapper
    return func(*args, **kwargs)
           ^^^^^^^^^^^^^^^^^^^^^
  File "/home/airflow/.local/lib/python3.11/site-packages/airflow/models/dagcode.py", line 82, in bulk_sync_to_db
    existing_orm_dag_codes = session.scalars(
                             ^^^^^^^^^^^^^^^^
  File "/home/airflow/.local/lib/python3.11/site-packages/sqlalchemy/orm/session.py", line 1778, in scalars
    return self.execute(
           ^^^^^^^^^^^^^
  File "/home/airflow/.local/lib/python3.11/site-packages/sqlalchemy/orm/session.py", line 1717, in execute
    result = conn._execute_20(statement, params or {}, execution_options)
             ^^^^^^^^^^^^^^^^^^^^^^^^^^^^^^^^^^^^^^^^^^^^^^^^^^^^^^^^^^^^
  File "/home/airflow/.local/lib/python3.11/site-packages/sqlalchemy/engine/base.py", line 1710, in _execute_20
    return meth(self, args_10style, kwargs_10style, execution_options)
           ^^^^^^^^^^^^^^^^^^^^^^^^^^^^^^^^^^^^^^^^^^^^^^^^^^^^^^^^^^^
  File "/home/airflow/.local/lib/python3.11/site-packages/sqlalchemy/sql/elements.py", line 334, in _execute_on_connection
    return connection._execute_clauseelement(
           ^^^^^^^^^^^^^^^^^^^^^^^^^^^^^^^^^^
  File "/home/airflow/.local/lib/python3.11/site-packages/sqlalchemy/engine/base.py", line 1577, in _execute_clauseelement
    ret = self._execute_context(
          ^^^^^^^^^^^^^^^^^^^^^^
  File "/home/airflow/.local/lib/python3.11/site-packages/sqlalchemy/engine/base.py", line 1953, in _execute_context
    self._handle_dbapi_exception(
  File "/home/airflow/.local/lib/python3.11/site-packages/sqlalchemy/engine/base.py", line 2148, in _handle_dbapi_exception
    self.invalidate(e)
  File "/home/airflow/.local/lib/python3.11/site-packages/sqlalchemy/engine/base.py", line 749, in invalidate
    self._dbapi_connection.invalidate(exception)
  File "/home/airflow/.local/lib/python3.11/site-packages/sqlalchemy/pool/base.py", line 1121, in invalidate
    self._connection_record.invalidate(e=e, soft=soft)
  File "/home/airflow/.local/lib/python3.11/site-packages/sqlalchemy/pool/base.py", line 610, in invalidate
    self.__close(terminate=True)
  File "/home/airflow/.local/lib/python3.11/site-packages/sqlalchemy/pool/base.py", line 673, in __close
    self.__pool._close_connection(
  File "/home/airflow/.local/lib/python3.11/site-packages/sqlalchemy/pool/base.py", line 260, in _close_connection
    self._dialect.do_terminate(connection)
  File "/home/airflow/.local/lib/python3.11/site-packages/sqlalchemy/engine/default.py", line 689, in do_terminate
    self.do_close(dbapi_connection)
  File "/home/airflow/.local/lib/python3.11/site-packages/sqlalchemy/engine/default.py", line 692, in do_close
    dbapi_connection.close()
  File "/home/airflow/.local/lib/python3.11/site-packages/airflow/dag_processing/manager.py", line 457, in _exit_gracefully
    sys.exit(os.EX_OK)
SystemExit: 0

During handling of the above exception, another exception occurred:

Traceback (most recent call last):
  File "/home/airflow/.local/lib/python3.11/site-packages/sqlalchemy/engine/base.py", line 1062, in _rollback_impl
    self.engine.dialect.do_rollback(self.connection)
  File "/home/airflow/.local/lib/python3.11/site-packages/sqlalchemy/engine/default.py", line 683, in do_rollback
    dbapi_connection.rollback()
psycopg2.InterfaceError: connection already closed

The above exception was the direct cause of the following exception:

Traceback (most recent call last):
  File "/home/airflow/.local/lib/python3.11/site-packages/airflow/dag_processing/processor.py", line 182, in _run_file_processor
    _handle_dag_file_processing()
  File "/home/airflow/.local/lib/python3.11/site-packages/airflow/dag_processing/processor.py", line 163, in _handle_dag_file_processing
    result: tuple[int, int] = dag_file_processor.process_file(
                              ^^^^^^^^^^^^^^^^^^^^^^^^^^^^^^^^
  File "/home/airflow/.local/lib/python3.11/site-packages/airflow/utils/session.py", line 79, in wrapper
    return func(*args, session=session, **kwargs)
           ^^^^^^^^^^^^^^^^^^^^^^^^^^^^^^^^^^^^^^
  File "/home/airflow/.local/lib/python3.11/site-packages/airflow/dag_processing/processor.py", line 859, in process_file
    serialize_errors = DagFileProcessor.save_dag_to_db(
                       ^^^^^^^^^^^^^^^^^^^^^^^^^^^^^^^^
  File "/home/airflow/.local/lib/python3.11/site-packages/airflow/api_internal/internal_api_call.py", line 115, in wrapper
    return func(*args, **kwargs)
           ^^^^^^^^^^^^^^^^^^^^^
  File "/home/airflow/.local/lib/python3.11/site-packages/airflow/utils/session.py", line 78, in wrapper
    with create_session() as session:
  File "/usr/local/lib/python3.11/contextlib.py", line 158, in __exit__
    self.gen.throw(typ, value, traceback)
  File "/home/airflow/.local/lib/python3.11/site-packages/airflow/utils/session.py", line 44, in create_session
    session.close()
  File "/home/airflow/.local/lib/python3.11/site-packages/sqlalchemy/orm/session.py", line 1816, in close
    self._close_impl(invalidate=False)
  File "/home/airflow/.local/lib/python3.11/site-packages/sqlalchemy/orm/session.py", line 1858, in _close_impl
    transaction.close(invalidate)
  File "/home/airflow/.local/lib/python3.11/site-packages/sqlalchemy/orm/session.py", line 926, in close
    transaction.close()
  File "/home/airflow/.local/lib/python3.11/site-packages/sqlalchemy/engine/base.py", line 2426, in close
    self._do_close()
  File "/home/airflow/.local/lib/python3.11/site-packages/sqlalchemy/engine/base.py", line 2649, in _do_close
    self._close_impl()
  File "/home/airflow/.local/lib/python3.11/site-packages/sqlalchemy/engine/base.py", line 2635, in _close_impl
    self._connection_rollback_impl()
  File "/home/airflow/.local/lib/python3.11/site-packages/sqlalchemy/engine/base.py", line 2627, in _connection_rollback_impl
    self.connection._rollback_impl()
  File "/home/airflow/.local/lib/python3.11/site-packages/sqlalchemy/engine/base.py", line 1064, in _rollback_impl
    self._handle_dbapi_exception(e, None, None, None, None)
  File "/home/airflow/.local/lib/python3.11/site-packages/sqlalchemy/engine/base.py", line 2134, in _handle_dbapi_exception
    util.raise_(
  File "/home/airflow/.local/lib/python3.11/site-packages/sqlalchemy/util/compat.py", line 211, in raise_
    raise exception
  File "/home/airflow/.local/lib/python3.11/site-packages/sqlalchemy/engine/base.py", line 1062, in _rollback_impl
    self.engine.dialect.do_rollback(self.connection)
  File "/home/airflow/.local/lib/python3.11/site-packages/sqlalchemy/engine/default.py", line 683, in do_rollback
    dbapi_connection.rollback()
sqlalchemy.exc.InterfaceError: (psycopg2.InterfaceError) connection already closed
(Background on this error at: https://sqlalche.me/e/14/rvf5)
[2024-07-13T00:43:52.112+0000] {processor.py:161} INFO - Started process (PID=33) to work on /opt/airflow/dags/test_dbt_dag.py
[2024-07-13T00:43:52.134+0000] {processor.py:830} INFO - Processing file /opt/airflow/dags/test_dbt_dag.py for tasks to queue
[2024-07-13T00:43:52.138+0000] {logging_mixin.py:188} INFO - [2024-07-13T00:43:52.137+0000] {dagbag.py:545} INFO - Filling up the DagBag from /opt/airflow/dags/test_dbt_dag.py
[2024-07-13T00:43:52.193+0000] {processor.py:840} INFO - DAG(s) 'test_dbt_dag' retrieved from /opt/airflow/dags/test_dbt_dag.py
[2024-07-13T00:43:53.302+0000] {logging_mixin.py:188} INFO - [2024-07-13T00:43:53.302+0000] {dag.py:3096} INFO - Sync 1 DAGs
[2024-07-13T00:43:53.350+0000] {logging_mixin.py:188} INFO - [2024-07-13T00:43:53.350+0000] {dag.py:3954} INFO - Setting next_dagrun for test_dbt_dag to None, run_after=None
[2024-07-13T00:43:53.413+0000] {processor.py:183} INFO - Processing /opt/airflow/dags/test_dbt_dag.py took 1.351 seconds
[2024-07-13T00:44:26.101+0000] {processor.py:161} INFO - Started process (PID=95) to work on /opt/airflow/dags/test_dbt_dag.py
[2024-07-13T00:44:26.108+0000] {processor.py:830} INFO - Processing file /opt/airflow/dags/test_dbt_dag.py for tasks to queue
[2024-07-13T00:44:26.112+0000] {logging_mixin.py:188} INFO - [2024-07-13T00:44:26.111+0000] {dagbag.py:545} INFO - Filling up the DagBag from /opt/airflow/dags/test_dbt_dag.py
[2024-07-13T00:44:26.124+0000] {processor.py:840} INFO - DAG(s) 'test_dbt_dag' retrieved from /opt/airflow/dags/test_dbt_dag.py
[2024-07-13T00:44:26.159+0000] {logging_mixin.py:188} INFO - [2024-07-13T00:44:26.158+0000] {dag.py:3096} INFO - Sync 1 DAGs
[2024-07-13T00:44:26.179+0000] {logging_mixin.py:188} INFO - [2024-07-13T00:44:26.179+0000] {dag.py:3954} INFO - Setting next_dagrun for test_dbt_dag to None, run_after=None
[2024-07-13T00:44:26.208+0000] {processor.py:183} INFO - Processing /opt/airflow/dags/test_dbt_dag.py took 0.118 seconds
[2024-07-13T00:44:56.416+0000] {processor.py:161} INFO - Started process (PID=156) to work on /opt/airflow/dags/test_dbt_dag.py
[2024-07-13T00:44:56.418+0000] {processor.py:830} INFO - Processing file /opt/airflow/dags/test_dbt_dag.py for tasks to queue
[2024-07-13T00:44:56.421+0000] {logging_mixin.py:188} INFO - [2024-07-13T00:44:56.420+0000] {dagbag.py:545} INFO - Filling up the DagBag from /opt/airflow/dags/test_dbt_dag.py
[2024-07-13T00:44:56.433+0000] {processor.py:840} INFO - DAG(s) 'test_dbt_dag' retrieved from /opt/airflow/dags/test_dbt_dag.py
[2024-07-13T00:44:56.475+0000] {logging_mixin.py:188} INFO - [2024-07-13T00:44:56.475+0000] {dag.py:3096} INFO - Sync 1 DAGs
[2024-07-13T00:44:56.501+0000] {logging_mixin.py:188} INFO - [2024-07-13T00:44:56.500+0000] {dag.py:3954} INFO - Setting next_dagrun for test_dbt_dag to None, run_after=None
[2024-07-13T00:44:56.528+0000] {processor.py:183} INFO - Processing /opt/airflow/dags/test_dbt_dag.py took 0.123 seconds
[2024-07-13T00:45:27.039+0000] {processor.py:161} INFO - Started process (PID=218) to work on /opt/airflow/dags/test_dbt_dag.py
[2024-07-13T00:45:27.042+0000] {processor.py:830} INFO - Processing file /opt/airflow/dags/test_dbt_dag.py for tasks to queue
[2024-07-13T00:45:27.046+0000] {logging_mixin.py:188} INFO - [2024-07-13T00:45:27.045+0000] {dagbag.py:545} INFO - Filling up the DagBag from /opt/airflow/dags/test_dbt_dag.py
[2024-07-13T00:45:27.060+0000] {processor.py:840} INFO - DAG(s) 'test_dbt_dag' retrieved from /opt/airflow/dags/test_dbt_dag.py
[2024-07-13T00:45:27.096+0000] {logging_mixin.py:188} INFO - [2024-07-13T00:45:27.095+0000] {dag.py:3096} INFO - Sync 1 DAGs
[2024-07-13T00:45:27.117+0000] {logging_mixin.py:188} INFO - [2024-07-13T00:45:27.116+0000] {dag.py:3954} INFO - Setting next_dagrun for test_dbt_dag to None, run_after=None
[2024-07-13T00:45:27.143+0000] {processor.py:183} INFO - Processing /opt/airflow/dags/test_dbt_dag.py took 0.117 seconds
[2024-07-13T00:45:57.504+0000] {processor.py:161} INFO - Started process (PID=279) to work on /opt/airflow/dags/test_dbt_dag.py
[2024-07-13T00:45:57.506+0000] {processor.py:830} INFO - Processing file /opt/airflow/dags/test_dbt_dag.py for tasks to queue
[2024-07-13T00:45:57.510+0000] {logging_mixin.py:188} INFO - [2024-07-13T00:45:57.509+0000] {dagbag.py:545} INFO - Filling up the DagBag from /opt/airflow/dags/test_dbt_dag.py
[2024-07-13T00:45:57.524+0000] {processor.py:840} INFO - DAG(s) 'test_dbt_dag' retrieved from /opt/airflow/dags/test_dbt_dag.py
[2024-07-13T00:45:57.563+0000] {logging_mixin.py:188} INFO - [2024-07-13T00:45:57.563+0000] {dag.py:3096} INFO - Sync 1 DAGs
[2024-07-13T00:45:57.587+0000] {logging_mixin.py:188} INFO - [2024-07-13T00:45:57.586+0000] {dag.py:3954} INFO - Setting next_dagrun for test_dbt_dag to None, run_after=None
[2024-07-13T00:45:57.621+0000] {processor.py:183} INFO - Processing /opt/airflow/dags/test_dbt_dag.py took 0.131 seconds
[2024-07-13T00:46:27.938+0000] {processor.py:161} INFO - Started process (PID=341) to work on /opt/airflow/dags/test_dbt_dag.py
[2024-07-13T00:46:27.941+0000] {processor.py:830} INFO - Processing file /opt/airflow/dags/test_dbt_dag.py for tasks to queue
[2024-07-13T00:46:27.945+0000] {logging_mixin.py:188} INFO - [2024-07-13T00:46:27.944+0000] {dagbag.py:545} INFO - Filling up the DagBag from /opt/airflow/dags/test_dbt_dag.py
[2024-07-13T00:46:27.961+0000] {processor.py:840} INFO - DAG(s) 'test_dbt_dag' retrieved from /opt/airflow/dags/test_dbt_dag.py
[2024-07-13T00:46:28.002+0000] {logging_mixin.py:188} INFO - [2024-07-13T00:46:28.001+0000] {dag.py:3096} INFO - Sync 1 DAGs
[2024-07-13T00:46:28.023+0000] {logging_mixin.py:188} INFO - [2024-07-13T00:46:28.022+0000] {dag.py:3954} INFO - Setting next_dagrun for test_dbt_dag to None, run_after=None
[2024-07-13T00:46:28.048+0000] {processor.py:183} INFO - Processing /opt/airflow/dags/test_dbt_dag.py took 0.125 seconds
[2024-07-13T00:46:58.121+0000] {processor.py:161} INFO - Started process (PID=403) to work on /opt/airflow/dags/test_dbt_dag.py
[2024-07-13T00:46:58.123+0000] {processor.py:830} INFO - Processing file /opt/airflow/dags/test_dbt_dag.py for tasks to queue
[2024-07-13T00:46:58.127+0000] {logging_mixin.py:188} INFO - [2024-07-13T00:46:58.126+0000] {dagbag.py:545} INFO - Filling up the DagBag from /opt/airflow/dags/test_dbt_dag.py
[2024-07-13T00:46:58.138+0000] {processor.py:840} INFO - DAG(s) 'test_dbt_dag' retrieved from /opt/airflow/dags/test_dbt_dag.py
[2024-07-13T00:46:58.177+0000] {logging_mixin.py:188} INFO - [2024-07-13T00:46:58.177+0000] {dag.py:3096} INFO - Sync 1 DAGs
[2024-07-13T00:46:58.199+0000] {logging_mixin.py:188} INFO - [2024-07-13T00:46:58.198+0000] {dag.py:3954} INFO - Setting next_dagrun for test_dbt_dag to None, run_after=None
[2024-07-13T00:46:58.228+0000] {processor.py:183} INFO - Processing /opt/airflow/dags/test_dbt_dag.py took 0.119 seconds
[2024-07-13T00:47:28.318+0000] {processor.py:161} INFO - Started process (PID=464) to work on /opt/airflow/dags/test_dbt_dag.py
[2024-07-13T00:47:28.321+0000] {processor.py:830} INFO - Processing file /opt/airflow/dags/test_dbt_dag.py for tasks to queue
[2024-07-13T00:47:28.325+0000] {logging_mixin.py:188} INFO - [2024-07-13T00:47:28.325+0000] {dagbag.py:545} INFO - Filling up the DagBag from /opt/airflow/dags/test_dbt_dag.py
[2024-07-13T00:47:28.337+0000] {processor.py:840} INFO - DAG(s) 'test_dbt_dag' retrieved from /opt/airflow/dags/test_dbt_dag.py
[2024-07-13T00:47:28.375+0000] {logging_mixin.py:188} INFO - [2024-07-13T00:47:28.374+0000] {dag.py:3096} INFO - Sync 1 DAGs
[2024-07-13T00:47:28.395+0000] {logging_mixin.py:188} INFO - [2024-07-13T00:47:28.395+0000] {dag.py:3954} INFO - Setting next_dagrun for test_dbt_dag to None, run_after=None
[2024-07-13T00:47:28.424+0000] {processor.py:183} INFO - Processing /opt/airflow/dags/test_dbt_dag.py took 0.117 seconds
[2024-07-13T00:48:00.121+0000] {processor.py:161} INFO - Started process (PID=525) to work on /opt/airflow/dags/test_dbt_dag.py
[2024-07-13T00:48:00.124+0000] {processor.py:830} INFO - Processing file /opt/airflow/dags/test_dbt_dag.py for tasks to queue
[2024-07-13T00:48:00.129+0000] {logging_mixin.py:188} INFO - [2024-07-13T00:48:00.128+0000] {dagbag.py:545} INFO - Filling up the DagBag from /opt/airflow/dags/test_dbt_dag.py
[2024-07-13T00:48:00.148+0000] {processor.py:840} INFO - DAG(s) 'test_dbt_dag' retrieved from /opt/airflow/dags/test_dbt_dag.py
[2024-07-13T00:48:00.197+0000] {logging_mixin.py:188} INFO - [2024-07-13T00:48:00.196+0000] {dag.py:3096} INFO - Sync 1 DAGs
[2024-07-13T00:48:00.230+0000] {logging_mixin.py:188} INFO - [2024-07-13T00:48:00.230+0000] {dag.py:3954} INFO - Setting next_dagrun for test_dbt_dag to None, run_after=None
[2024-07-13T00:48:00.264+0000] {processor.py:183} INFO - Processing /opt/airflow/dags/test_dbt_dag.py took 0.162 seconds
[2024-07-13T00:48:33.771+0000] {processor.py:161} INFO - Started process (PID=584) to work on /opt/airflow/dags/test_dbt_dag.py
[2024-07-13T00:48:33.774+0000] {processor.py:830} INFO - Processing file /opt/airflow/dags/test_dbt_dag.py for tasks to queue
[2024-07-13T00:48:33.778+0000] {logging_mixin.py:188} INFO - [2024-07-13T00:48:33.777+0000] {dagbag.py:545} INFO - Filling up the DagBag from /opt/airflow/dags/test_dbt_dag.py
[2024-07-13T00:48:33.791+0000] {processor.py:840} INFO - DAG(s) 'test_dbt_dag' retrieved from /opt/airflow/dags/test_dbt_dag.py
[2024-07-13T00:48:33.832+0000] {logging_mixin.py:188} INFO - [2024-07-13T00:48:33.832+0000] {dag.py:3096} INFO - Sync 1 DAGs
[2024-07-13T00:48:33.859+0000] {logging_mixin.py:188} INFO - [2024-07-13T00:48:33.859+0000] {dag.py:3954} INFO - Setting next_dagrun for test_dbt_dag to None, run_after=None
[2024-07-13T00:48:33.892+0000] {processor.py:183} INFO - Processing /opt/airflow/dags/test_dbt_dag.py took 0.136 seconds
[2024-07-13T00:49:04.322+0000] {processor.py:161} INFO - Started process (PID=605) to work on /opt/airflow/dags/test_dbt_dag.py
[2024-07-13T00:49:04.324+0000] {processor.py:830} INFO - Processing file /opt/airflow/dags/test_dbt_dag.py for tasks to queue
[2024-07-13T00:49:04.328+0000] {logging_mixin.py:188} INFO - [2024-07-13T00:49:04.327+0000] {dagbag.py:545} INFO - Filling up the DagBag from /opt/airflow/dags/test_dbt_dag.py
[2024-07-13T00:49:04.345+0000] {processor.py:840} INFO - DAG(s) 'test_dbt_dag' retrieved from /opt/airflow/dags/test_dbt_dag.py
[2024-07-13T00:49:04.388+0000] {logging_mixin.py:188} INFO - [2024-07-13T00:49:04.388+0000] {dag.py:3096} INFO - Sync 1 DAGs
[2024-07-13T00:49:04.413+0000] {logging_mixin.py:188} INFO - [2024-07-13T00:49:04.412+0000] {dag.py:3954} INFO - Setting next_dagrun for test_dbt_dag to None, run_after=None
[2024-07-13T00:49:04.441+0000] {processor.py:183} INFO - Processing /opt/airflow/dags/test_dbt_dag.py took 0.134 seconds
[2024-07-13T00:49:37.847+0000] {processor.py:161} INFO - Started process (PID=664) to work on /opt/airflow/dags/test_dbt_dag.py
[2024-07-13T00:49:37.850+0000] {processor.py:830} INFO - Processing file /opt/airflow/dags/test_dbt_dag.py for tasks to queue
[2024-07-13T00:49:37.853+0000] {logging_mixin.py:188} INFO - [2024-07-13T00:49:37.853+0000] {dagbag.py:545} INFO - Filling up the DagBag from /opt/airflow/dags/test_dbt_dag.py
[2024-07-13T00:49:37.865+0000] {processor.py:840} INFO - DAG(s) 'test_dbt_dag' retrieved from /opt/airflow/dags/test_dbt_dag.py
[2024-07-13T00:49:37.906+0000] {logging_mixin.py:188} INFO - [2024-07-13T00:49:37.905+0000] {dag.py:3096} INFO - Sync 1 DAGs
[2024-07-13T00:49:37.928+0000] {logging_mixin.py:188} INFO - [2024-07-13T00:49:37.928+0000] {dag.py:3954} INFO - Setting next_dagrun for test_dbt_dag to None, run_after=None
[2024-07-13T00:49:37.957+0000] {processor.py:183} INFO - Processing /opt/airflow/dags/test_dbt_dag.py took 0.122 seconds
[2024-07-13T00:50:08.409+0000] {processor.py:161} INFO - Started process (PID=723) to work on /opt/airflow/dags/test_dbt_dag.py
[2024-07-13T00:50:08.411+0000] {processor.py:830} INFO - Processing file /opt/airflow/dags/test_dbt_dag.py for tasks to queue
[2024-07-13T00:50:08.416+0000] {logging_mixin.py:188} INFO - [2024-07-13T00:50:08.416+0000] {dagbag.py:545} INFO - Filling up the DagBag from /opt/airflow/dags/test_dbt_dag.py
[2024-07-13T00:50:08.432+0000] {processor.py:840} INFO - DAG(s) 'test_dbt_dag' retrieved from /opt/airflow/dags/test_dbt_dag.py
[2024-07-13T00:50:08.478+0000] {logging_mixin.py:188} INFO - [2024-07-13T00:50:08.477+0000] {dag.py:3096} INFO - Sync 1 DAGs
[2024-07-13T00:50:08.502+0000] {logging_mixin.py:188} INFO - [2024-07-13T00:50:08.502+0000] {dag.py:3954} INFO - Setting next_dagrun for test_dbt_dag to None, run_after=None
[2024-07-13T00:50:08.535+0000] {processor.py:183} INFO - Processing /opt/airflow/dags/test_dbt_dag.py took 0.145 seconds
[2024-07-13T00:50:38.783+0000] {processor.py:161} INFO - Started process (PID=785) to work on /opt/airflow/dags/test_dbt_dag.py
[2024-07-13T00:50:38.785+0000] {processor.py:830} INFO - Processing file /opt/airflow/dags/test_dbt_dag.py for tasks to queue
[2024-07-13T00:50:38.791+0000] {logging_mixin.py:188} INFO - [2024-07-13T00:50:38.790+0000] {dagbag.py:545} INFO - Filling up the DagBag from /opt/airflow/dags/test_dbt_dag.py
[2024-07-13T00:50:38.804+0000] {processor.py:840} INFO - DAG(s) 'test_dbt_dag' retrieved from /opt/airflow/dags/test_dbt_dag.py
[2024-07-13T00:50:38.840+0000] {logging_mixin.py:188} INFO - [2024-07-13T00:50:38.840+0000] {dag.py:3096} INFO - Sync 1 DAGs
[2024-07-13T00:50:38.860+0000] {logging_mixin.py:188} INFO - [2024-07-13T00:50:38.859+0000] {dag.py:3954} INFO - Setting next_dagrun for test_dbt_dag to None, run_after=None
[2024-07-13T00:50:38.887+0000] {processor.py:183} INFO - Processing /opt/airflow/dags/test_dbt_dag.py took 0.118 seconds
[2024-07-13T00:51:09.397+0000] {processor.py:161} INFO - Started process (PID=847) to work on /opt/airflow/dags/test_dbt_dag.py
[2024-07-13T00:51:09.399+0000] {processor.py:830} INFO - Processing file /opt/airflow/dags/test_dbt_dag.py for tasks to queue
[2024-07-13T00:51:09.402+0000] {logging_mixin.py:188} INFO - [2024-07-13T00:51:09.401+0000] {dagbag.py:545} INFO - Filling up the DagBag from /opt/airflow/dags/test_dbt_dag.py
[2024-07-13T00:51:09.414+0000] {processor.py:840} INFO - DAG(s) 'test_dbt_dag' retrieved from /opt/airflow/dags/test_dbt_dag.py
[2024-07-13T00:51:09.777+0000] {logging_mixin.py:188} INFO - [2024-07-13T00:51:09.776+0000] {dag.py:3096} INFO - Sync 1 DAGs
[2024-07-13T00:51:09.793+0000] {logging_mixin.py:188} INFO - [2024-07-13T00:51:09.793+0000] {dag.py:3954} INFO - Setting next_dagrun for test_dbt_dag to None, run_after=None
[2024-07-13T00:51:09.818+0000] {processor.py:183} INFO - Processing /opt/airflow/dags/test_dbt_dag.py took 0.433 seconds
[2024-07-13T00:51:40.589+0000] {processor.py:161} INFO - Started process (PID=909) to work on /opt/airflow/dags/test_dbt_dag.py
[2024-07-13T00:51:40.591+0000] {processor.py:830} INFO - Processing file /opt/airflow/dags/test_dbt_dag.py for tasks to queue
[2024-07-13T00:51:40.595+0000] {logging_mixin.py:188} INFO - [2024-07-13T00:51:40.595+0000] {dagbag.py:545} INFO - Filling up the DagBag from /opt/airflow/dags/test_dbt_dag.py
[2024-07-13T00:51:40.607+0000] {processor.py:840} INFO - DAG(s) 'test_dbt_dag' retrieved from /opt/airflow/dags/test_dbt_dag.py
[2024-07-13T00:51:40.640+0000] {logging_mixin.py:188} INFO - [2024-07-13T00:51:40.640+0000] {dag.py:3096} INFO - Sync 1 DAGs
[2024-07-13T00:51:40.659+0000] {logging_mixin.py:188} INFO - [2024-07-13T00:51:40.659+0000] {dag.py:3954} INFO - Setting next_dagrun for test_dbt_dag to None, run_after=None
[2024-07-13T00:51:40.685+0000] {processor.py:183} INFO - Processing /opt/airflow/dags/test_dbt_dag.py took 0.107 seconds
[2024-07-13T00:52:10.837+0000] {processor.py:161} INFO - Started process (PID=971) to work on /opt/airflow/dags/test_dbt_dag.py
[2024-07-13T00:52:10.839+0000] {processor.py:830} INFO - Processing file /opt/airflow/dags/test_dbt_dag.py for tasks to queue
[2024-07-13T00:52:10.842+0000] {logging_mixin.py:188} INFO - [2024-07-13T00:52:10.842+0000] {dagbag.py:545} INFO - Filling up the DagBag from /opt/airflow/dags/test_dbt_dag.py
[2024-07-13T00:52:10.854+0000] {processor.py:840} INFO - DAG(s) 'test_dbt_dag' retrieved from /opt/airflow/dags/test_dbt_dag.py
[2024-07-13T00:52:10.889+0000] {logging_mixin.py:188} INFO - [2024-07-13T00:52:10.889+0000] {dag.py:3096} INFO - Sync 1 DAGs
[2024-07-13T00:52:10.910+0000] {logging_mixin.py:188} INFO - [2024-07-13T00:52:10.910+0000] {dag.py:3954} INFO - Setting next_dagrun for test_dbt_dag to None, run_after=None
[2024-07-13T00:52:10.935+0000] {processor.py:183} INFO - Processing /opt/airflow/dags/test_dbt_dag.py took 0.110 seconds
[2024-07-13T00:52:41.219+0000] {processor.py:161} INFO - Started process (PID=1034) to work on /opt/airflow/dags/test_dbt_dag.py
[2024-07-13T00:52:41.221+0000] {processor.py:830} INFO - Processing file /opt/airflow/dags/test_dbt_dag.py for tasks to queue
[2024-07-13T00:52:41.224+0000] {logging_mixin.py:188} INFO - [2024-07-13T00:52:41.223+0000] {dagbag.py:545} INFO - Filling up the DagBag from /opt/airflow/dags/test_dbt_dag.py
[2024-07-13T00:52:41.235+0000] {processor.py:840} INFO - DAG(s) 'test_dbt_dag' retrieved from /opt/airflow/dags/test_dbt_dag.py
[2024-07-13T00:52:41.279+0000] {logging_mixin.py:188} INFO - [2024-07-13T00:52:41.278+0000] {dag.py:3096} INFO - Sync 1 DAGs
[2024-07-13T00:52:41.306+0000] {logging_mixin.py:188} INFO - [2024-07-13T00:52:41.305+0000] {dag.py:3954} INFO - Setting next_dagrun for test_dbt_dag to None, run_after=None
[2024-07-13T00:52:41.338+0000] {processor.py:183} INFO - Processing /opt/airflow/dags/test_dbt_dag.py took 0.132 seconds
[2024-07-13T00:53:11.687+0000] {processor.py:161} INFO - Started process (PID=1097) to work on /opt/airflow/dags/test_dbt_dag.py
[2024-07-13T00:53:11.689+0000] {processor.py:830} INFO - Processing file /opt/airflow/dags/test_dbt_dag.py for tasks to queue
[2024-07-13T00:53:11.693+0000] {logging_mixin.py:188} INFO - [2024-07-13T00:53:11.692+0000] {dagbag.py:545} INFO - Filling up the DagBag from /opt/airflow/dags/test_dbt_dag.py
[2024-07-13T00:53:11.704+0000] {processor.py:840} INFO - DAG(s) 'test_dbt_dag' retrieved from /opt/airflow/dags/test_dbt_dag.py
[2024-07-13T00:53:11.740+0000] {logging_mixin.py:188} INFO - [2024-07-13T00:53:11.740+0000] {dag.py:3096} INFO - Sync 1 DAGs
[2024-07-13T00:53:11.760+0000] {logging_mixin.py:188} INFO - [2024-07-13T00:53:11.760+0000] {dag.py:3954} INFO - Setting next_dagrun for test_dbt_dag to None, run_after=None
[2024-07-13T00:53:11.790+0000] {processor.py:183} INFO - Processing /opt/airflow/dags/test_dbt_dag.py took 0.116 seconds
[2024-07-13T00:53:42.356+0000] {processor.py:161} INFO - Started process (PID=1159) to work on /opt/airflow/dags/test_dbt_dag.py
[2024-07-13T00:53:42.358+0000] {processor.py:830} INFO - Processing file /opt/airflow/dags/test_dbt_dag.py for tasks to queue
[2024-07-13T00:53:42.364+0000] {logging_mixin.py:188} INFO - [2024-07-13T00:53:42.363+0000] {dagbag.py:545} INFO - Filling up the DagBag from /opt/airflow/dags/test_dbt_dag.py
[2024-07-13T00:53:42.377+0000] {processor.py:840} INFO - DAG(s) 'test_dbt_dag' retrieved from /opt/airflow/dags/test_dbt_dag.py
[2024-07-13T00:53:42.426+0000] {logging_mixin.py:188} INFO - [2024-07-13T00:53:42.425+0000] {dag.py:3096} INFO - Sync 1 DAGs
[2024-07-13T00:53:42.457+0000] {logging_mixin.py:188} INFO - [2024-07-13T00:53:42.457+0000] {dag.py:3954} INFO - Setting next_dagrun for test_dbt_dag to None, run_after=None
[2024-07-13T00:53:42.497+0000] {processor.py:183} INFO - Processing /opt/airflow/dags/test_dbt_dag.py took 0.154 seconds
[2024-07-13T00:54:12.939+0000] {processor.py:161} INFO - Started process (PID=1221) to work on /opt/airflow/dags/test_dbt_dag.py
[2024-07-13T00:54:12.941+0000] {processor.py:830} INFO - Processing file /opt/airflow/dags/test_dbt_dag.py for tasks to queue
[2024-07-13T00:54:12.944+0000] {logging_mixin.py:188} INFO - [2024-07-13T00:54:12.944+0000] {dagbag.py:545} INFO - Filling up the DagBag from /opt/airflow/dags/test_dbt_dag.py
[2024-07-13T00:54:12.956+0000] {processor.py:840} INFO - DAG(s) 'test_dbt_dag' retrieved from /opt/airflow/dags/test_dbt_dag.py
[2024-07-13T00:54:12.999+0000] {logging_mixin.py:188} INFO - [2024-07-13T00:54:12.998+0000] {dag.py:3096} INFO - Sync 1 DAGs
[2024-07-13T00:54:13.027+0000] {logging_mixin.py:188} INFO - [2024-07-13T00:54:13.027+0000] {dag.py:3954} INFO - Setting next_dagrun for test_dbt_dag to None, run_after=None
[2024-07-13T00:54:13.064+0000] {processor.py:183} INFO - Processing /opt/airflow/dags/test_dbt_dag.py took 0.138 seconds
[2024-07-13T00:54:43.622+0000] {processor.py:161} INFO - Started process (PID=1283) to work on /opt/airflow/dags/test_dbt_dag.py
[2024-07-13T00:54:43.624+0000] {processor.py:830} INFO - Processing file /opt/airflow/dags/test_dbt_dag.py for tasks to queue
[2024-07-13T00:54:43.627+0000] {logging_mixin.py:188} INFO - [2024-07-13T00:54:43.626+0000] {dagbag.py:545} INFO - Filling up the DagBag from /opt/airflow/dags/test_dbt_dag.py
[2024-07-13T00:54:43.639+0000] {processor.py:840} INFO - DAG(s) 'test_dbt_dag' retrieved from /opt/airflow/dags/test_dbt_dag.py
[2024-07-13T00:54:43.676+0000] {logging_mixin.py:188} INFO - [2024-07-13T00:54:43.676+0000] {dag.py:3096} INFO - Sync 1 DAGs
[2024-07-13T00:54:43.695+0000] {logging_mixin.py:188} INFO - [2024-07-13T00:54:43.695+0000] {dag.py:3954} INFO - Setting next_dagrun for test_dbt_dag to None, run_after=None
[2024-07-13T00:54:43.721+0000] {processor.py:183} INFO - Processing /opt/airflow/dags/test_dbt_dag.py took 0.110 seconds
[2024-07-13T00:55:14.612+0000] {processor.py:161} INFO - Started process (PID=1345) to work on /opt/airflow/dags/test_dbt_dag.py
[2024-07-13T00:55:14.614+0000] {processor.py:830} INFO - Processing file /opt/airflow/dags/test_dbt_dag.py for tasks to queue
[2024-07-13T00:55:14.617+0000] {logging_mixin.py:188} INFO - [2024-07-13T00:55:14.617+0000] {dagbag.py:545} INFO - Filling up the DagBag from /opt/airflow/dags/test_dbt_dag.py
[2024-07-13T00:55:14.630+0000] {processor.py:840} INFO - DAG(s) 'test_dbt_dag' retrieved from /opt/airflow/dags/test_dbt_dag.py
[2024-07-13T00:55:14.670+0000] {logging_mixin.py:188} INFO - [2024-07-13T00:55:14.669+0000] {dag.py:3096} INFO - Sync 1 DAGs
[2024-07-13T00:55:14.691+0000] {logging_mixin.py:188} INFO - [2024-07-13T00:55:14.691+0000] {dag.py:3954} INFO - Setting next_dagrun for test_dbt_dag to None, run_after=None
[2024-07-13T00:55:14.722+0000] {processor.py:183} INFO - Processing /opt/airflow/dags/test_dbt_dag.py took 0.122 seconds
[2024-07-13T00:58:48.877+0000] {processor.py:161} INFO - Started process (PID=34) to work on /opt/airflow/dags/test_dbt_dag.py
[2024-07-13T00:58:48.880+0000] {processor.py:830} INFO - Processing file /opt/airflow/dags/test_dbt_dag.py for tasks to queue
[2024-07-13T00:58:48.885+0000] {logging_mixin.py:188} INFO - [2024-07-13T00:58:48.884+0000] {dagbag.py:545} INFO - Filling up the DagBag from /opt/airflow/dags/test_dbt_dag.py
[2024-07-13T00:58:48.925+0000] {processor.py:840} INFO - DAG(s) 'test_dbt_dag' retrieved from /opt/airflow/dags/test_dbt_dag.py
[2024-07-13T00:58:49.656+0000] {logging_mixin.py:188} INFO - [2024-07-13T00:58:49.656+0000] {dag.py:3096} INFO - Sync 1 DAGs
[2024-07-13T00:58:49.699+0000] {logging_mixin.py:188} INFO - [2024-07-13T00:58:49.699+0000] {dag.py:3954} INFO - Setting next_dagrun for test_dbt_dag to None, run_after=None
[2024-07-13T00:58:49.777+0000] {processor.py:183} INFO - Processing /opt/airflow/dags/test_dbt_dag.py took 0.919 seconds
[2024-07-13T00:59:22.433+0000] {processor.py:161} INFO - Started process (PID=96) to work on /opt/airflow/dags/test_dbt_dag.py
[2024-07-13T00:59:22.435+0000] {processor.py:830} INFO - Processing file /opt/airflow/dags/test_dbt_dag.py for tasks to queue
[2024-07-13T00:59:22.439+0000] {logging_mixin.py:188} INFO - [2024-07-13T00:59:22.438+0000] {dagbag.py:545} INFO - Filling up the DagBag from /opt/airflow/dags/test_dbt_dag.py
[2024-07-13T00:59:22.452+0000] {processor.py:840} INFO - DAG(s) 'test_dbt_dag' retrieved from /opt/airflow/dags/test_dbt_dag.py
[2024-07-13T00:59:22.492+0000] {logging_mixin.py:188} INFO - [2024-07-13T00:59:22.492+0000] {dag.py:3096} INFO - Sync 1 DAGs
[2024-07-13T00:59:22.516+0000] {logging_mixin.py:188} INFO - [2024-07-13T00:59:22.515+0000] {dag.py:3954} INFO - Setting next_dagrun for test_dbt_dag to None, run_after=None
[2024-07-13T00:59:22.546+0000] {processor.py:183} INFO - Processing /opt/airflow/dags/test_dbt_dag.py took 0.126 seconds
[2024-07-13T00:59:53.165+0000] {processor.py:161} INFO - Started process (PID=157) to work on /opt/airflow/dags/test_dbt_dag.py
[2024-07-13T00:59:53.171+0000] {processor.py:830} INFO - Processing file /opt/airflow/dags/test_dbt_dag.py for tasks to queue
[2024-07-13T00:59:53.175+0000] {logging_mixin.py:188} INFO - [2024-07-13T00:59:53.174+0000] {dagbag.py:545} INFO - Filling up the DagBag from /opt/airflow/dags/test_dbt_dag.py
[2024-07-13T00:59:53.191+0000] {processor.py:840} INFO - DAG(s) 'test_dbt_dag' retrieved from /opt/airflow/dags/test_dbt_dag.py
[2024-07-13T00:59:53.241+0000] {logging_mixin.py:188} INFO - [2024-07-13T00:59:53.240+0000] {dag.py:3096} INFO - Sync 1 DAGs
[2024-07-13T00:59:53.271+0000] {logging_mixin.py:188} INFO - [2024-07-13T00:59:53.270+0000] {dag.py:3954} INFO - Setting next_dagrun for test_dbt_dag to None, run_after=None
[2024-07-13T00:59:53.314+0000] {processor.py:183} INFO - Processing /opt/airflow/dags/test_dbt_dag.py took 0.168 seconds
[2024-07-13T01:00:23.534+0000] {processor.py:161} INFO - Started process (PID=219) to work on /opt/airflow/dags/test_dbt_dag.py
[2024-07-13T01:00:23.536+0000] {processor.py:830} INFO - Processing file /opt/airflow/dags/test_dbt_dag.py for tasks to queue
[2024-07-13T01:00:23.540+0000] {logging_mixin.py:188} INFO - [2024-07-13T01:00:23.539+0000] {dagbag.py:545} INFO - Filling up the DagBag from /opt/airflow/dags/test_dbt_dag.py
[2024-07-13T01:00:23.554+0000] {processor.py:840} INFO - DAG(s) 'test_dbt_dag' retrieved from /opt/airflow/dags/test_dbt_dag.py
[2024-07-13T01:00:23.592+0000] {logging_mixin.py:188} INFO - [2024-07-13T01:00:23.592+0000] {dag.py:3096} INFO - Sync 1 DAGs
[2024-07-13T01:00:23.613+0000] {logging_mixin.py:188} INFO - [2024-07-13T01:00:23.613+0000] {dag.py:3954} INFO - Setting next_dagrun for test_dbt_dag to None, run_after=None
[2024-07-13T01:00:23.644+0000] {processor.py:183} INFO - Processing /opt/airflow/dags/test_dbt_dag.py took 0.123 seconds
[2024-07-13T01:00:53.780+0000] {processor.py:161} INFO - Started process (PID=281) to work on /opt/airflow/dags/test_dbt_dag.py
[2024-07-13T01:00:53.782+0000] {processor.py:830} INFO - Processing file /opt/airflow/dags/test_dbt_dag.py for tasks to queue
[2024-07-13T01:00:53.786+0000] {logging_mixin.py:188} INFO - [2024-07-13T01:00:53.785+0000] {dagbag.py:545} INFO - Filling up the DagBag from /opt/airflow/dags/test_dbt_dag.py
[2024-07-13T01:00:53.797+0000] {processor.py:840} INFO - DAG(s) 'test_dbt_dag' retrieved from /opt/airflow/dags/test_dbt_dag.py
[2024-07-13T01:00:53.834+0000] {logging_mixin.py:188} INFO - [2024-07-13T01:00:53.834+0000] {dag.py:3096} INFO - Sync 1 DAGs
[2024-07-13T01:00:53.858+0000] {logging_mixin.py:188} INFO - [2024-07-13T01:00:53.858+0000] {dag.py:3954} INFO - Setting next_dagrun for test_dbt_dag to None, run_after=None
[2024-07-13T01:00:53.888+0000] {processor.py:183} INFO - Processing /opt/airflow/dags/test_dbt_dag.py took 0.124 seconds
[2024-07-13T01:01:24.349+0000] {processor.py:161} INFO - Started process (PID=343) to work on /opt/airflow/dags/test_dbt_dag.py
[2024-07-13T01:01:24.351+0000] {processor.py:830} INFO - Processing file /opt/airflow/dags/test_dbt_dag.py for tasks to queue
[2024-07-13T01:01:24.355+0000] {logging_mixin.py:188} INFO - [2024-07-13T01:01:24.355+0000] {dagbag.py:545} INFO - Filling up the DagBag from /opt/airflow/dags/test_dbt_dag.py
[2024-07-13T01:01:24.370+0000] {processor.py:840} INFO - DAG(s) 'test_dbt_dag' retrieved from /opt/airflow/dags/test_dbt_dag.py
[2024-07-13T01:01:24.409+0000] {logging_mixin.py:188} INFO - [2024-07-13T01:01:24.409+0000] {dag.py:3096} INFO - Sync 1 DAGs
[2024-07-13T01:01:24.429+0000] {logging_mixin.py:188} INFO - [2024-07-13T01:01:24.429+0000] {dag.py:3954} INFO - Setting next_dagrun for test_dbt_dag to None, run_after=None
[2024-07-13T01:01:24.458+0000] {processor.py:183} INFO - Processing /opt/airflow/dags/test_dbt_dag.py took 0.123 seconds
[2024-07-13T01:01:54.696+0000] {processor.py:161} INFO - Started process (PID=405) to work on /opt/airflow/dags/test_dbt_dag.py
[2024-07-13T01:01:54.699+0000] {processor.py:830} INFO - Processing file /opt/airflow/dags/test_dbt_dag.py for tasks to queue
[2024-07-13T01:01:54.703+0000] {logging_mixin.py:188} INFO - [2024-07-13T01:01:54.702+0000] {dagbag.py:545} INFO - Filling up the DagBag from /opt/airflow/dags/test_dbt_dag.py
[2024-07-13T01:01:54.717+0000] {processor.py:840} INFO - DAG(s) 'test_dbt_dag' retrieved from /opt/airflow/dags/test_dbt_dag.py
[2024-07-13T01:01:54.755+0000] {logging_mixin.py:188} INFO - [2024-07-13T01:01:54.755+0000] {dag.py:3096} INFO - Sync 1 DAGs
[2024-07-13T01:01:54.777+0000] {logging_mixin.py:188} INFO - [2024-07-13T01:01:54.777+0000] {dag.py:3954} INFO - Setting next_dagrun for test_dbt_dag to None, run_after=None
[2024-07-13T01:01:54.809+0000] {processor.py:183} INFO - Processing /opt/airflow/dags/test_dbt_dag.py took 0.128 seconds
[2024-07-13T01:02:25.097+0000] {processor.py:161} INFO - Started process (PID=466) to work on /opt/airflow/dags/test_dbt_dag.py
[2024-07-13T01:02:25.098+0000] {processor.py:830} INFO - Processing file /opt/airflow/dags/test_dbt_dag.py for tasks to queue
[2024-07-13T01:02:25.103+0000] {logging_mixin.py:188} INFO - [2024-07-13T01:02:25.102+0000] {dagbag.py:545} INFO - Filling up the DagBag from /opt/airflow/dags/test_dbt_dag.py
[2024-07-13T01:02:25.118+0000] {processor.py:840} INFO - DAG(s) 'test_dbt_dag' retrieved from /opt/airflow/dags/test_dbt_dag.py
[2024-07-13T01:02:25.162+0000] {logging_mixin.py:188} INFO - [2024-07-13T01:02:25.162+0000] {dag.py:3096} INFO - Sync 1 DAGs
[2024-07-13T01:02:25.184+0000] {logging_mixin.py:188} INFO - [2024-07-13T01:02:25.184+0000] {dag.py:3954} INFO - Setting next_dagrun for test_dbt_dag to None, run_after=None
[2024-07-13T01:02:25.212+0000] {processor.py:183} INFO - Processing /opt/airflow/dags/test_dbt_dag.py took 0.130 seconds
[2024-07-13T01:02:56.107+0000] {processor.py:161} INFO - Started process (PID=528) to work on /opt/airflow/dags/test_dbt_dag.py
[2024-07-13T01:02:56.110+0000] {processor.py:830} INFO - Processing file /opt/airflow/dags/test_dbt_dag.py for tasks to queue
[2024-07-13T01:02:56.114+0000] {logging_mixin.py:188} INFO - [2024-07-13T01:02:56.113+0000] {dagbag.py:545} INFO - Filling up the DagBag from /opt/airflow/dags/test_dbt_dag.py
[2024-07-13T01:02:56.131+0000] {processor.py:840} INFO - DAG(s) 'test_dbt_dag' retrieved from /opt/airflow/dags/test_dbt_dag.py
[2024-07-13T01:02:56.175+0000] {logging_mixin.py:188} INFO - [2024-07-13T01:02:56.174+0000] {dag.py:3096} INFO - Sync 1 DAGs
[2024-07-13T01:02:56.197+0000] {logging_mixin.py:188} INFO - [2024-07-13T01:02:56.197+0000] {dag.py:3954} INFO - Setting next_dagrun for test_dbt_dag to None, run_after=None
[2024-07-13T01:02:56.231+0000] {processor.py:183} INFO - Processing /opt/airflow/dags/test_dbt_dag.py took 0.138 seconds
[2024-07-13T01:03:29.283+0000] {processor.py:161} INFO - Started process (PID=585) to work on /opt/airflow/dags/test_dbt_dag.py
[2024-07-13T01:03:29.286+0000] {processor.py:830} INFO - Processing file /opt/airflow/dags/test_dbt_dag.py for tasks to queue
[2024-07-13T01:03:29.290+0000] {logging_mixin.py:188} INFO - [2024-07-13T01:03:29.289+0000] {dagbag.py:545} INFO - Filling up the DagBag from /opt/airflow/dags/test_dbt_dag.py
[2024-07-13T01:03:29.301+0000] {processor.py:840} INFO - DAG(s) 'test_dbt_dag' retrieved from /opt/airflow/dags/test_dbt_dag.py
[2024-07-13T01:03:29.334+0000] {logging_mixin.py:188} INFO - [2024-07-13T01:03:29.334+0000] {dag.py:3096} INFO - Sync 1 DAGs
[2024-07-13T01:03:29.354+0000] {logging_mixin.py:188} INFO - [2024-07-13T01:03:29.353+0000] {dag.py:3954} INFO - Setting next_dagrun for test_dbt_dag to None, run_after=None
[2024-07-13T01:03:29.380+0000] {processor.py:183} INFO - Processing /opt/airflow/dags/test_dbt_dag.py took 0.113 seconds
[2024-07-13T01:04:02.599+0000] {processor.py:161} INFO - Started process (PID=639) to work on /opt/airflow/dags/test_dbt_dag.py
[2024-07-13T01:04:02.601+0000] {processor.py:830} INFO - Processing file /opt/airflow/dags/test_dbt_dag.py for tasks to queue
[2024-07-13T01:04:02.605+0000] {logging_mixin.py:188} INFO - [2024-07-13T01:04:02.605+0000] {dagbag.py:545} INFO - Filling up the DagBag from /opt/airflow/dags/test_dbt_dag.py
[2024-07-13T01:04:02.624+0000] {processor.py:840} INFO - DAG(s) 'test_dbt_dag' retrieved from /opt/airflow/dags/test_dbt_dag.py
[2024-07-13T01:04:02.664+0000] {logging_mixin.py:188} INFO - [2024-07-13T01:04:02.663+0000] {dag.py:3096} INFO - Sync 1 DAGs
[2024-07-13T01:04:02.687+0000] {logging_mixin.py:188} INFO - [2024-07-13T01:04:02.687+0000] {dag.py:3954} INFO - Setting next_dagrun for test_dbt_dag to None, run_after=None
[2024-07-13T01:04:02.722+0000] {processor.py:183} INFO - Processing /opt/airflow/dags/test_dbt_dag.py took 0.137 seconds
[2024-07-13T01:04:35.696+0000] {processor.py:161} INFO - Started process (PID=698) to work on /opt/airflow/dags/test_dbt_dag.py
[2024-07-13T01:04:35.698+0000] {processor.py:830} INFO - Processing file /opt/airflow/dags/test_dbt_dag.py for tasks to queue
[2024-07-13T01:04:35.701+0000] {logging_mixin.py:188} INFO - [2024-07-13T01:04:35.701+0000] {dagbag.py:545} INFO - Filling up the DagBag from /opt/airflow/dags/test_dbt_dag.py
[2024-07-13T01:04:35.714+0000] {processor.py:840} INFO - DAG(s) 'test_dbt_dag' retrieved from /opt/airflow/dags/test_dbt_dag.py
[2024-07-13T01:04:35.747+0000] {logging_mixin.py:188} INFO - [2024-07-13T01:04:35.747+0000] {dag.py:3096} INFO - Sync 1 DAGs
[2024-07-13T01:04:35.770+0000] {logging_mixin.py:188} INFO - [2024-07-13T01:04:35.770+0000] {dag.py:3954} INFO - Setting next_dagrun for test_dbt_dag to None, run_after=None
[2024-07-13T01:04:35.798+0000] {processor.py:183} INFO - Processing /opt/airflow/dags/test_dbt_dag.py took 0.116 seconds
[2024-07-13T01:05:08.412+0000] {processor.py:161} INFO - Started process (PID=764) to work on /opt/airflow/dags/test_dbt_dag.py
[2024-07-13T01:05:08.415+0000] {processor.py:830} INFO - Processing file /opt/airflow/dags/test_dbt_dag.py for tasks to queue
[2024-07-13T01:05:08.432+0000] {logging_mixin.py:188} INFO - [2024-07-13T01:05:08.430+0000] {dagbag.py:545} INFO - Filling up the DagBag from /opt/airflow/dags/test_dbt_dag.py
[2024-07-13T01:05:08.452+0000] {processor.py:840} INFO - DAG(s) 'test_dbt_dag' retrieved from /opt/airflow/dags/test_dbt_dag.py
[2024-07-13T01:05:08.499+0000] {logging_mixin.py:188} INFO - [2024-07-13T01:05:08.499+0000] {dag.py:3096} INFO - Sync 1 DAGs
[2024-07-13T01:05:08.527+0000] {logging_mixin.py:188} INFO - [2024-07-13T01:05:08.527+0000] {dag.py:3954} INFO - Setting next_dagrun for test_dbt_dag to None, run_after=None
[2024-07-13T01:05:08.563+0000] {processor.py:183} INFO - Processing /opt/airflow/dags/test_dbt_dag.py took 0.179 seconds
[2024-07-13T01:05:38.861+0000] {processor.py:161} INFO - Started process (PID=797) to work on /opt/airflow/dags/test_dbt_dag.py
[2024-07-13T01:05:38.863+0000] {processor.py:830} INFO - Processing file /opt/airflow/dags/test_dbt_dag.py for tasks to queue
[2024-07-13T01:05:38.866+0000] {logging_mixin.py:188} INFO - [2024-07-13T01:05:38.866+0000] {dagbag.py:545} INFO - Filling up the DagBag from /opt/airflow/dags/test_dbt_dag.py
[2024-07-13T01:05:38.881+0000] {processor.py:840} INFO - DAG(s) 'test_dbt_dag' retrieved from /opt/airflow/dags/test_dbt_dag.py
[2024-07-13T01:05:38.921+0000] {logging_mixin.py:188} INFO - [2024-07-13T01:05:38.921+0000] {dag.py:3096} INFO - Sync 1 DAGs
[2024-07-13T01:05:38.944+0000] {logging_mixin.py:188} INFO - [2024-07-13T01:05:38.944+0000] {dag.py:3954} INFO - Setting next_dagrun for test_dbt_dag to None, run_after=None
[2024-07-13T01:05:38.979+0000] {processor.py:183} INFO - Processing /opt/airflow/dags/test_dbt_dag.py took 0.133 seconds
[2024-07-13T01:06:05.944+0000] {processor.py:161} INFO - Started process (PID=850) to work on /opt/airflow/dags/test_dbt_dag.py
[2024-07-13T01:06:05.946+0000] {processor.py:830} INFO - Processing file /opt/airflow/dags/test_dbt_dag.py for tasks to queue
[2024-07-13T01:06:05.949+0000] {logging_mixin.py:188} INFO - [2024-07-13T01:06:05.949+0000] {dagbag.py:545} INFO - Filling up the DagBag from /opt/airflow/dags/test_dbt_dag.py
[2024-07-13T01:06:05.961+0000] {processor.py:840} INFO - DAG(s) 'test_dbt_dag' retrieved from /opt/airflow/dags/test_dbt_dag.py
[2024-07-13T01:06:06.386+0000] {logging_mixin.py:188} INFO - [2024-07-13T01:06:06.386+0000] {dag.py:3096} INFO - Sync 1 DAGs
[2024-07-13T01:06:06.401+0000] {logging_mixin.py:188} INFO - [2024-07-13T01:06:06.401+0000] {dag.py:3954} INFO - Setting next_dagrun for test_dbt_dag to None, run_after=None
[2024-07-13T01:06:06.430+0000] {processor.py:183} INFO - Processing /opt/airflow/dags/test_dbt_dag.py took 0.496 seconds
[2024-07-13T01:06:37.035+0000] {processor.py:161} INFO - Started process (PID=912) to work on /opt/airflow/dags/test_dbt_dag.py
[2024-07-13T01:06:37.037+0000] {processor.py:830} INFO - Processing file /opt/airflow/dags/test_dbt_dag.py for tasks to queue
[2024-07-13T01:06:37.042+0000] {logging_mixin.py:188} INFO - [2024-07-13T01:06:37.042+0000] {dagbag.py:545} INFO - Filling up the DagBag from /opt/airflow/dags/test_dbt_dag.py
[2024-07-13T01:06:37.056+0000] {processor.py:840} INFO - DAG(s) 'test_dbt_dag' retrieved from /opt/airflow/dags/test_dbt_dag.py
[2024-07-13T01:06:37.097+0000] {logging_mixin.py:188} INFO - [2024-07-13T01:06:37.096+0000] {dag.py:3096} INFO - Sync 1 DAGs
[2024-07-13T01:06:37.123+0000] {logging_mixin.py:188} INFO - [2024-07-13T01:06:37.123+0000] {dag.py:3954} INFO - Setting next_dagrun for test_dbt_dag to None, run_after=None
[2024-07-13T01:06:37.155+0000] {processor.py:183} INFO - Processing /opt/airflow/dags/test_dbt_dag.py took 0.134 seconds
[2024-07-13T01:07:07.304+0000] {processor.py:161} INFO - Started process (PID=974) to work on /opt/airflow/dags/test_dbt_dag.py
[2024-07-13T01:07:07.307+0000] {processor.py:830} INFO - Processing file /opt/airflow/dags/test_dbt_dag.py for tasks to queue
[2024-07-13T01:07:07.312+0000] {logging_mixin.py:188} INFO - [2024-07-13T01:07:07.310+0000] {dagbag.py:545} INFO - Filling up the DagBag from /opt/airflow/dags/test_dbt_dag.py
[2024-07-13T01:07:07.325+0000] {processor.py:840} INFO - DAG(s) 'test_dbt_dag' retrieved from /opt/airflow/dags/test_dbt_dag.py
[2024-07-13T01:07:07.363+0000] {logging_mixin.py:188} INFO - [2024-07-13T01:07:07.363+0000] {dag.py:3096} INFO - Sync 1 DAGs
[2024-07-13T01:07:07.385+0000] {logging_mixin.py:188} INFO - [2024-07-13T01:07:07.384+0000] {dag.py:3954} INFO - Setting next_dagrun for test_dbt_dag to None, run_after=None
[2024-07-13T01:07:07.418+0000] {processor.py:183} INFO - Processing /opt/airflow/dags/test_dbt_dag.py took 0.127 seconds
[2024-07-13T01:07:37.470+0000] {processor.py:161} INFO - Started process (PID=1036) to work on /opt/airflow/dags/test_dbt_dag.py
[2024-07-13T01:07:37.471+0000] {processor.py:830} INFO - Processing file /opt/airflow/dags/test_dbt_dag.py for tasks to queue
[2024-07-13T01:07:37.475+0000] {logging_mixin.py:188} INFO - [2024-07-13T01:07:37.474+0000] {dagbag.py:545} INFO - Filling up the DagBag from /opt/airflow/dags/test_dbt_dag.py
[2024-07-13T01:07:37.487+0000] {processor.py:840} INFO - DAG(s) 'test_dbt_dag' retrieved from /opt/airflow/dags/test_dbt_dag.py
[2024-07-13T01:07:37.523+0000] {logging_mixin.py:188} INFO - [2024-07-13T01:07:37.522+0000] {dag.py:3096} INFO - Sync 1 DAGs
[2024-07-13T01:07:37.543+0000] {logging_mixin.py:188} INFO - [2024-07-13T01:07:37.542+0000] {dag.py:3954} INFO - Setting next_dagrun for test_dbt_dag to None, run_after=None
[2024-07-13T01:07:37.570+0000] {processor.py:183} INFO - Processing /opt/airflow/dags/test_dbt_dag.py took 0.112 seconds
[2024-07-13T01:08:07.735+0000] {processor.py:161} INFO - Started process (PID=1098) to work on /opt/airflow/dags/test_dbt_dag.py
[2024-07-13T01:08:07.737+0000] {processor.py:830} INFO - Processing file /opt/airflow/dags/test_dbt_dag.py for tasks to queue
[2024-07-13T01:08:07.741+0000] {logging_mixin.py:188} INFO - [2024-07-13T01:08:07.741+0000] {dagbag.py:545} INFO - Filling up the DagBag from /opt/airflow/dags/test_dbt_dag.py
[2024-07-13T01:08:07.754+0000] {processor.py:840} INFO - DAG(s) 'test_dbt_dag' retrieved from /opt/airflow/dags/test_dbt_dag.py
[2024-07-13T01:08:07.792+0000] {logging_mixin.py:188} INFO - [2024-07-13T01:08:07.791+0000] {dag.py:3096} INFO - Sync 1 DAGs
[2024-07-13T01:08:07.813+0000] {logging_mixin.py:188} INFO - [2024-07-13T01:08:07.812+0000] {dag.py:3954} INFO - Setting next_dagrun for test_dbt_dag to None, run_after=None
[2024-07-13T01:08:07.842+0000] {processor.py:183} INFO - Processing /opt/airflow/dags/test_dbt_dag.py took 0.122 seconds
[2024-07-13T01:08:38.367+0000] {processor.py:161} INFO - Started process (PID=1160) to work on /opt/airflow/dags/test_dbt_dag.py
[2024-07-13T01:08:38.370+0000] {processor.py:830} INFO - Processing file /opt/airflow/dags/test_dbt_dag.py for tasks to queue
[2024-07-13T01:08:38.375+0000] {logging_mixin.py:188} INFO - [2024-07-13T01:08:38.374+0000] {dagbag.py:545} INFO - Filling up the DagBag from /opt/airflow/dags/test_dbt_dag.py
[2024-07-13T01:08:38.387+0000] {processor.py:840} INFO - DAG(s) 'test_dbt_dag' retrieved from /opt/airflow/dags/test_dbt_dag.py
[2024-07-13T01:08:38.440+0000] {logging_mixin.py:188} INFO - [2024-07-13T01:08:38.440+0000] {dag.py:3096} INFO - Sync 1 DAGs
[2024-07-13T01:08:38.467+0000] {logging_mixin.py:188} INFO - [2024-07-13T01:08:38.467+0000] {dag.py:3954} INFO - Setting next_dagrun for test_dbt_dag to None, run_after=None
[2024-07-13T01:08:38.505+0000] {processor.py:183} INFO - Processing /opt/airflow/dags/test_dbt_dag.py took 0.151 seconds
[2024-07-13T01:09:09.190+0000] {processor.py:161} INFO - Started process (PID=1228) to work on /opt/airflow/dags/test_dbt_dag.py
[2024-07-13T01:09:09.192+0000] {processor.py:830} INFO - Processing file /opt/airflow/dags/test_dbt_dag.py for tasks to queue
[2024-07-13T01:09:09.196+0000] {logging_mixin.py:188} INFO - [2024-07-13T01:09:09.195+0000] {dagbag.py:545} INFO - Filling up the DagBag from /opt/airflow/dags/test_dbt_dag.py
[2024-07-13T01:09:09.209+0000] {processor.py:840} INFO - DAG(s) 'test_dbt_dag' retrieved from /opt/airflow/dags/test_dbt_dag.py
[2024-07-13T01:09:09.251+0000] {logging_mixin.py:188} INFO - [2024-07-13T01:09:09.250+0000] {dag.py:3096} INFO - Sync 1 DAGs
[2024-07-13T01:09:09.275+0000] {logging_mixin.py:188} INFO - [2024-07-13T01:09:09.274+0000] {dag.py:3954} INFO - Setting next_dagrun for test_dbt_dag to None, run_after=None
[2024-07-13T01:09:09.308+0000] {processor.py:183} INFO - Processing /opt/airflow/dags/test_dbt_dag.py took 0.131 seconds
[2024-07-13T01:11:07.288+0000] {processor.py:161} INFO - Started process (PID=32) to work on /opt/airflow/dags/test_dbt_dag.py
[2024-07-13T01:11:07.296+0000] {processor.py:830} INFO - Processing file /opt/airflow/dags/test_dbt_dag.py for tasks to queue
[2024-07-13T01:11:07.301+0000] {logging_mixin.py:188} INFO - [2024-07-13T01:11:07.301+0000] {dagbag.py:545} INFO - Filling up the DagBag from /opt/airflow/dags/test_dbt_dag.py
[2024-07-13T01:11:07.379+0000] {processor.py:840} INFO - DAG(s) 'test_dbt_dag' retrieved from /opt/airflow/dags/test_dbt_dag.py
[2024-07-13T01:11:08.202+0000] {logging_mixin.py:188} INFO - [2024-07-13T01:11:08.201+0000] {dag.py:3096} INFO - Sync 1 DAGs
[2024-07-13T01:11:08.242+0000] {logging_mixin.py:188} INFO - [2024-07-13T01:11:08.242+0000] {dag.py:3954} INFO - Setting next_dagrun for test_dbt_dag to None, run_after=None
[2024-07-13T01:11:08.308+0000] {processor.py:183} INFO - Processing /opt/airflow/dags/test_dbt_dag.py took 1.048 seconds
[2024-07-13T01:11:40.795+0000] {processor.py:161} INFO - Started process (PID=93) to work on /opt/airflow/dags/test_dbt_dag.py
[2024-07-13T01:11:40.796+0000] {processor.py:830} INFO - Processing file /opt/airflow/dags/test_dbt_dag.py for tasks to queue
[2024-07-13T01:11:40.800+0000] {logging_mixin.py:188} INFO - [2024-07-13T01:11:40.799+0000] {dagbag.py:545} INFO - Filling up the DagBag from /opt/airflow/dags/test_dbt_dag.py
[2024-07-13T01:11:40.812+0000] {processor.py:840} INFO - DAG(s) 'test_dbt_dag' retrieved from /opt/airflow/dags/test_dbt_dag.py
[2024-07-13T01:11:40.848+0000] {logging_mixin.py:188} INFO - [2024-07-13T01:11:40.848+0000] {dag.py:3096} INFO - Sync 1 DAGs
[2024-07-13T01:11:40.875+0000] {logging_mixin.py:188} INFO - [2024-07-13T01:11:40.874+0000] {dag.py:3954} INFO - Setting next_dagrun for test_dbt_dag to None, run_after=None
[2024-07-13T01:11:40.906+0000] {processor.py:183} INFO - Processing /opt/airflow/dags/test_dbt_dag.py took 0.122 seconds
[2024-07-13T01:12:11.055+0000] {processor.py:161} INFO - Started process (PID=155) to work on /opt/airflow/dags/test_dbt_dag.py
[2024-07-13T01:12:11.059+0000] {processor.py:830} INFO - Processing file /opt/airflow/dags/test_dbt_dag.py for tasks to queue
[2024-07-13T01:12:11.063+0000] {logging_mixin.py:188} INFO - [2024-07-13T01:12:11.063+0000] {dagbag.py:545} INFO - Filling up the DagBag from /opt/airflow/dags/test_dbt_dag.py
[2024-07-13T01:12:11.079+0000] {processor.py:840} INFO - DAG(s) 'test_dbt_dag' retrieved from /opt/airflow/dags/test_dbt_dag.py
[2024-07-13T01:12:11.124+0000] {logging_mixin.py:188} INFO - [2024-07-13T01:12:11.124+0000] {dag.py:3096} INFO - Sync 1 DAGs
[2024-07-13T01:12:11.152+0000] {logging_mixin.py:188} INFO - [2024-07-13T01:12:11.151+0000] {dag.py:3954} INFO - Setting next_dagrun for test_dbt_dag to None, run_after=None
[2024-07-13T01:12:11.186+0000] {processor.py:183} INFO - Processing /opt/airflow/dags/test_dbt_dag.py took 0.146 seconds
[2024-07-13T01:12:41.595+0000] {processor.py:161} INFO - Started process (PID=217) to work on /opt/airflow/dags/test_dbt_dag.py
[2024-07-13T01:12:41.597+0000] {processor.py:830} INFO - Processing file /opt/airflow/dags/test_dbt_dag.py for tasks to queue
[2024-07-13T01:12:41.601+0000] {logging_mixin.py:188} INFO - [2024-07-13T01:12:41.600+0000] {dagbag.py:545} INFO - Filling up the DagBag from /opt/airflow/dags/test_dbt_dag.py
[2024-07-13T01:12:41.615+0000] {processor.py:840} INFO - DAG(s) 'test_dbt_dag' retrieved from /opt/airflow/dags/test_dbt_dag.py
[2024-07-13T01:12:41.654+0000] {logging_mixin.py:188} INFO - [2024-07-13T01:12:41.654+0000] {dag.py:3096} INFO - Sync 1 DAGs
[2024-07-13T01:12:41.674+0000] {logging_mixin.py:188} INFO - [2024-07-13T01:12:41.674+0000] {dag.py:3954} INFO - Setting next_dagrun for test_dbt_dag to None, run_after=None
[2024-07-13T01:12:41.705+0000] {processor.py:183} INFO - Processing /opt/airflow/dags/test_dbt_dag.py took 0.124 seconds
[2024-07-13T01:13:09.944+0000] {processor.py:161} INFO - Started process (PID=279) to work on /opt/airflow/dags/test_dbt_dag.py
[2024-07-13T01:13:09.947+0000] {processor.py:830} INFO - Processing file /opt/airflow/dags/test_dbt_dag.py for tasks to queue
[2024-07-13T01:13:09.950+0000] {logging_mixin.py:188} INFO - [2024-07-13T01:13:09.950+0000] {dagbag.py:545} INFO - Filling up the DagBag from /opt/airflow/dags/test_dbt_dag.py
[2024-07-13T01:13:09.965+0000] {processor.py:840} INFO - DAG(s) 'test_dbt_dag' retrieved from /opt/airflow/dags/test_dbt_dag.py
[2024-07-13T01:13:10.164+0000] {logging_mixin.py:188} INFO - [2024-07-13T01:13:10.163+0000] {dag.py:3096} INFO - Sync 1 DAGs
[2024-07-13T01:13:10.184+0000] {logging_mixin.py:188} INFO - [2024-07-13T01:13:10.184+0000] {dag.py:3954} INFO - Setting next_dagrun for test_dbt_dag to None, run_after=None
[2024-07-13T01:13:10.224+0000] {processor.py:183} INFO - Processing /opt/airflow/dags/test_dbt_dag.py took 0.295 seconds
[2024-07-13T01:13:11.279+0000] {processor.py:161} INFO - Started process (PID=280) to work on /opt/airflow/dags/test_dbt_dag.py
[2024-07-13T01:13:11.281+0000] {processor.py:830} INFO - Processing file /opt/airflow/dags/test_dbt_dag.py for tasks to queue
[2024-07-13T01:13:11.284+0000] {logging_mixin.py:188} INFO - [2024-07-13T01:13:11.283+0000] {dagbag.py:545} INFO - Filling up the DagBag from /opt/airflow/dags/test_dbt_dag.py
[2024-07-13T01:13:11.300+0000] {processor.py:840} INFO - DAG(s) 'test_dbt_dag' retrieved from /opt/airflow/dags/test_dbt_dag.py
[2024-07-13T01:13:11.327+0000] {logging_mixin.py:188} INFO - [2024-07-13T01:13:11.327+0000] {dag.py:3096} INFO - Sync 1 DAGs
[2024-07-13T01:13:11.352+0000] {logging_mixin.py:188} INFO - [2024-07-13T01:13:11.352+0000] {dag.py:3954} INFO - Setting next_dagrun for test_dbt_dag to None, run_after=None
[2024-07-13T01:13:11.393+0000] {processor.py:183} INFO - Processing /opt/airflow/dags/test_dbt_dag.py took 0.126 seconds
[2024-07-13T01:13:41.465+0000] {processor.py:161} INFO - Started process (PID=342) to work on /opt/airflow/dags/test_dbt_dag.py
[2024-07-13T01:13:41.467+0000] {processor.py:830} INFO - Processing file /opt/airflow/dags/test_dbt_dag.py for tasks to queue
[2024-07-13T01:13:41.471+0000] {logging_mixin.py:188} INFO - [2024-07-13T01:13:41.470+0000] {dagbag.py:545} INFO - Filling up the DagBag from /opt/airflow/dags/test_dbt_dag.py
[2024-07-13T01:13:41.485+0000] {processor.py:840} INFO - DAG(s) 'test_dbt_dag' retrieved from /opt/airflow/dags/test_dbt_dag.py
[2024-07-13T01:13:41.686+0000] {logging_mixin.py:188} INFO - [2024-07-13T01:13:41.685+0000] {dag.py:3096} INFO - Sync 1 DAGs
[2024-07-13T01:13:41.707+0000] {logging_mixin.py:188} INFO - [2024-07-13T01:13:41.706+0000] {dag.py:3954} INFO - Setting next_dagrun for test_dbt_dag to None, run_after=None
[2024-07-13T01:13:41.742+0000] {processor.py:183} INFO - Processing /opt/airflow/dags/test_dbt_dag.py took 0.290 seconds
[2024-07-13T01:14:12.201+0000] {processor.py:161} INFO - Started process (PID=404) to work on /opt/airflow/dags/test_dbt_dag.py
[2024-07-13T01:14:12.203+0000] {processor.py:830} INFO - Processing file /opt/airflow/dags/test_dbt_dag.py for tasks to queue
[2024-07-13T01:14:12.208+0000] {logging_mixin.py:188} INFO - [2024-07-13T01:14:12.208+0000] {dagbag.py:545} INFO - Filling up the DagBag from /opt/airflow/dags/test_dbt_dag.py
[2024-07-13T01:14:12.222+0000] {processor.py:840} INFO - DAG(s) 'test_dbt_dag' retrieved from /opt/airflow/dags/test_dbt_dag.py
[2024-07-13T01:14:12.260+0000] {logging_mixin.py:188} INFO - [2024-07-13T01:14:12.259+0000] {dag.py:3096} INFO - Sync 1 DAGs
[2024-07-13T01:14:12.281+0000] {logging_mixin.py:188} INFO - [2024-07-13T01:14:12.281+0000] {dag.py:3954} INFO - Setting next_dagrun for test_dbt_dag to None, run_after=None
[2024-07-13T01:14:12.310+0000] {processor.py:183} INFO - Processing /opt/airflow/dags/test_dbt_dag.py took 0.122 seconds
[2024-07-13T01:14:43.268+0000] {processor.py:161} INFO - Started process (PID=466) to work on /opt/airflow/dags/test_dbt_dag.py
[2024-07-13T01:14:43.271+0000] {processor.py:830} INFO - Processing file /opt/airflow/dags/test_dbt_dag.py for tasks to queue
[2024-07-13T01:14:43.275+0000] {logging_mixin.py:188} INFO - [2024-07-13T01:14:43.275+0000] {dagbag.py:545} INFO - Filling up the DagBag from /opt/airflow/dags/test_dbt_dag.py
[2024-07-13T01:14:43.290+0000] {processor.py:840} INFO - DAG(s) 'test_dbt_dag' retrieved from /opt/airflow/dags/test_dbt_dag.py
[2024-07-13T01:14:43.332+0000] {logging_mixin.py:188} INFO - [2024-07-13T01:14:43.331+0000] {dag.py:3096} INFO - Sync 1 DAGs
[2024-07-13T01:14:43.354+0000] {logging_mixin.py:188} INFO - [2024-07-13T01:14:43.354+0000] {dag.py:3954} INFO - Setting next_dagrun for test_dbt_dag to None, run_after=None
[2024-07-13T01:14:43.386+0000] {processor.py:183} INFO - Processing /opt/airflow/dags/test_dbt_dag.py took 0.132 seconds
[2024-07-13T01:15:15.281+0000] {processor.py:161} INFO - Started process (PID=528) to work on /opt/airflow/dags/test_dbt_dag.py
[2024-07-13T01:15:15.282+0000] {processor.py:830} INFO - Processing file /opt/airflow/dags/test_dbt_dag.py for tasks to queue
[2024-07-13T01:15:15.286+0000] {logging_mixin.py:188} INFO - [2024-07-13T01:15:15.285+0000] {dagbag.py:545} INFO - Filling up the DagBag from /opt/airflow/dags/test_dbt_dag.py
[2024-07-13T01:15:15.301+0000] {processor.py:840} INFO - DAG(s) 'test_dbt_dag' retrieved from /opt/airflow/dags/test_dbt_dag.py
[2024-07-13T01:15:15.344+0000] {logging_mixin.py:188} INFO - [2024-07-13T01:15:15.344+0000] {dag.py:3096} INFO - Sync 1 DAGs
[2024-07-13T01:15:15.374+0000] {logging_mixin.py:188} INFO - [2024-07-13T01:15:15.373+0000] {dag.py:3954} INFO - Setting next_dagrun for test_dbt_dag to None, run_after=None
[2024-07-13T01:15:15.417+0000] {processor.py:183} INFO - Processing /opt/airflow/dags/test_dbt_dag.py took 0.148 seconds
[2024-07-13T01:15:48.174+0000] {processor.py:161} INFO - Started process (PID=570) to work on /opt/airflow/dags/test_dbt_dag.py
[2024-07-13T01:15:48.176+0000] {processor.py:830} INFO - Processing file /opt/airflow/dags/test_dbt_dag.py for tasks to queue
[2024-07-13T01:15:48.179+0000] {logging_mixin.py:188} INFO - [2024-07-13T01:15:48.179+0000] {dagbag.py:545} INFO - Filling up the DagBag from /opt/airflow/dags/test_dbt_dag.py
[2024-07-13T01:15:48.191+0000] {processor.py:840} INFO - DAG(s) 'test_dbt_dag' retrieved from /opt/airflow/dags/test_dbt_dag.py
[2024-07-13T01:15:48.225+0000] {logging_mixin.py:188} INFO - [2024-07-13T01:15:48.225+0000] {dag.py:3096} INFO - Sync 1 DAGs
[2024-07-13T01:15:48.244+0000] {logging_mixin.py:188} INFO - [2024-07-13T01:15:48.244+0000] {dag.py:3954} INFO - Setting next_dagrun for test_dbt_dag to None, run_after=None
[2024-07-13T01:15:48.269+0000] {processor.py:183} INFO - Processing /opt/airflow/dags/test_dbt_dag.py took 0.107 seconds
[2024-07-13T01:16:20.182+0000] {processor.py:161} INFO - Started process (PID=621) to work on /opt/airflow/dags/test_dbt_dag.py
[2024-07-13T01:16:20.195+0000] {processor.py:830} INFO - Processing file /opt/airflow/dags/test_dbt_dag.py for tasks to queue
[2024-07-13T01:16:20.200+0000] {logging_mixin.py:188} INFO - [2024-07-13T01:16:20.200+0000] {dagbag.py:545} INFO - Filling up the DagBag from /opt/airflow/dags/test_dbt_dag.py
[2024-07-13T01:16:20.223+0000] {processor.py:840} INFO - DAG(s) 'test_dbt_dag' retrieved from /opt/airflow/dags/test_dbt_dag.py
[2024-07-13T01:16:20.279+0000] {logging_mixin.py:188} INFO - [2024-07-13T01:16:20.279+0000] {dag.py:3096} INFO - Sync 1 DAGs
[2024-07-13T01:16:20.307+0000] {logging_mixin.py:188} INFO - [2024-07-13T01:16:20.306+0000] {dag.py:3954} INFO - Setting next_dagrun for test_dbt_dag to None, run_after=None
[2024-07-13T01:16:20.341+0000] {processor.py:183} INFO - Processing /opt/airflow/dags/test_dbt_dag.py took 0.178 seconds
